#
# There is insufficient memory for the Java Runtime Environment to continue.
# Native memory allocation (mmap) failed to map 127926272 bytes. Error detail: G1 virtual space
# Possible reasons:
#   The system is out of physical RAM or swap space
#   This process is running with CompressedOops enabled, and the Java Heap may be blocking the growth of the native heap
# Possible solutions:
#   Reduce memory load on the system
#   Increase physical memory or swap space
#   Check if swap backing store is full
#   Decrease Java heap size (-Xmx/-Xms)
#   Decrease number of Java threads
#   Decrease Java thread stack sizes (-Xss)
#   Set larger code cache with -XX:ReservedCodeCacheSize=
#   JVM is running with Unscaled Compressed Oops mode in which the Java heap is
#     placed in the first 4GB address space. The Java Heap base address is the
#     maximum limit for the native heap growth. Please use -XX:HeapBaseMinAddress
#     to set the Java Heap base and to place the Java Heap above 4GB virtual address.
# This output file may be truncated or incomplete.
#
#  Out of Memory Error (os_windows.cpp:3717), pid=3532, tid=3528
#
# JRE version:  (21.0.11+10) (build )
# Java VM: OpenJDK 64-Bit Server VM (21.0.11+10-LTS, mixed mode, sharing, tiered, compressed oops, compressed class ptrs, g1 gc, windows-amd64)
# No core dump will be written. Minidumps are not enabled by default on client versions of Windows
#

---------------  S U M M A R Y ------------

Command Line: -Dclassworlds.conf=C:\Program Files\NetBeans-25\netbeans\java\maven\bin\m2.conf -Dmaven.home=C:\Program Files\NetBeans-25\netbeans\java\maven -Dlibrary.jansi.path=C:\Program Files\NetBeans-25\netbeans\java\maven\lib\jansi-native -Dmaven.multiModuleProjectDirectory=C:\Users\CHRISCOM\Documents\NetBeansProjects\examsystem org.codehaus.plexus.classworlds.launcher.Launcher -Dexec.vmArgs= -Dexec.appArgs= -Dmaven.ext.class.path=C:\Program Files\NetBeans-25\netbeans\java\maven-nblib\netbeans-eventspy.jar --no-transfer-progress javafx:run

Host: Intel(R) Core(TM) i5-1035G4 CPU @ 1.10GHz, 8 cores, 7G,  Windows 10 , 64 bit Build 21996 (10.0.21996.1)
Time: Sun Jul 12 00:43:48 2026 Greenwich Standard Time elapsed time: 0.025757 seconds (0d 0h 0m 0s)

---------------  T H R E A D  ---------------

Current thread (0x0000014e7a00e480):  JavaThread "Unknown thread" [_thread_in_vm, id=3528, stack(0x00000020a3f00000,0x00000020a4000000) (1024K)]

Stack: [0x00000020a3f00000,0x00000020a4000000]
Native frames: (J=compiled Java code, j=interpreted, Vv=VM code, C=native code)
V  [jvm.dll+0x6e0429]  (no source info available)
V  [jvm.dll+0x8c057b]  (no source info available)
V  [jvm.dll+0x8c2b0a]  (no source info available)
V  [jvm.dll+0x8c31e3]  (no source info available)
V  [jvm.dll+0x28ac66]  (no source info available)
V  [jvm.dll+0x6df8d5]  (no source info available)
V  [jvm.dll+0x6d36aa]  (no source info available)
V  [jvm.dll+0x367b8e]  (no source info available)
V  [jvm.dll+0x36fa5b]  (no source info available)
V  [jvm.dll+0x3c1539]  (no source info available)
V  [jvm.dll+0x3c17db]  (no source info available)
V  [jvm.dll+0x33b447]  (no source info available)
V  [jvm.dll+0x33bf8b]  (no source info available)
V  [jvm.dll+0x88aaae]  (no source info available)
V  [jvm.dll+0x3ce491]  (no source info available)
V  [jvm.dll+0x8739bc]  (no source info available)
V  [jvm.dll+0x4620a1]  (no source info available)
V  [jvm.dll+0x463ce1]  (no source info available)
C  [jli.dll+0x52f8]  (no source info available)
C  [ucrtbase.dll+0x26c0c]  (no source info available)
C  [KERNEL32.DLL+0x154e0]  (no source info available)
C  [ntdll.dll+0x485b]  (no source info available)


---------------  P R O C E S S  ---------------

Threads class SMR info:
_java_thread_list=0x00007ffb87c07288, length=0, elements={
}

Java Threads: ( => current thread )
Total: 0

Other Threads:
  0x0000014e7c65b870 WorkerThread "GC Thread#0"                     [id=7664, stack(0x00000020a4000000,0x00000020a4100000) (1024K)]
  0x0000014e7efb46b0 ConcurrentGCThread "G1 Main Marker"            [id=2312, stack(0x00000020a4100000,0x00000020a4200000) (1024K)]
  0x0000014e7c65d9a0 WorkerThread "G1 Conc#0"                       [id=16256, stack(0x00000020a4200000,0x00000020a4300000) (1024K)]

[error occurred during error reporting (printing all threads), id 0xc0000005, EXCEPTION_ACCESS_VIOLATION (0xc0000005) at pc=0x00007ffb872fdf07]
VM state: not at safepoint (not fully initialized)

VM Mutex/Monitor currently owned by a thread:  ([mutex/lock_event])
[0x00007ffb87c7b9b0] Heap_lock - owner thread: 0x0000014e7a00e480

Heap address: 0x0000000086600000, size: 1946 MB, Compressed Oops mode: 32-bit

CDS archive(s) mapped at: [0x0000000000000000-0x0000000000000000-0x0000000000000000), size 0, SharedBaseAddress: 0x0000000800000000, ArchiveRelocationMode: 1.
Narrow klass base: 0x0000000000000000, Narrow klass shift: 0, Narrow klass range: 0x0

GC Precious Log:
 CardTable entry size: 512
 Card Set container configuration: InlinePtr #cards 5 size 8 Array Of Cards #cards 12 size 40 Howl #buckets 4 coarsen threshold 1843 Howl Bitmap #cards 512 size 80 coarsen threshold 460 Card regions per heap region 1 cards per card region 2048

Heap:
 garbage-first heap   total 0K, used 0K [0x0000000086600000, 0x0000000100000000)
  region size 1024K, 0 young (0K), 0 survivors (0K)

[error occurred during error reporting (printing heap information), id 0xc0000005, EXCEPTION_ACCESS_VIOLATION (0xc0000005) at pc=0x00007ffb876ed3c9]
GC Heap History (0 events):
No events

Dll operation events (1 events):
Event: 0.017 Loaded shared library C:\Program Files\Microsoft\jdk-21.0.11.10-hotspot\bin\java.dll

Deoptimization events (0 events):
No events

Classes loaded (0 events):
No events

Classes unloaded (0 events):
No events

Classes redefined (0 events):
No events

Internal exceptions (0 events):
No events

ZGC Phase Switch (0 events):
No events

VM Operations (0 events):
No events

Memory protections (0 events):
No events

Nmethod flushes (0 events):
No events

Events (0 events):
No events


Dynamic libraries:
0x00007ff6a43f0000 - 0x00007ff6a43fe000 	C:\Program Files\Microsoft\jdk-21.0.11.10-hotspot\bin\java.exe
0x00007ffc112c0000 - 0x00007ffc114c7000 	C:\Windows\SYSTEM32\ntdll.dll
0x00007ffc0f800000 - 0x00007ffc0f8bd000 	C:\Windows\System32\KERNEL32.DLL
0x00007ffc0e7e0000 - 0x00007ffc0eb52000 	C:\Windows\System32\KERNELBASE.dll
0x00007ffc0bdc0000 - 0x00007ffc0be52000 	C:\Windows\SYSTEM32\apphelp.dll
0x00007ffbaca50000 - 0x00007ffbaceec000 	C:\Windows\SYSTEM32\AcLayers.DLL
0x00007ffc0fb00000 - 0x00007ffc0fba3000 	C:\Windows\System32\msvcrt.dll
0x00007ffc0fda0000 - 0x00007ffc0fdfd000 	C:\Windows\System32\SHLWAPI.dll
0x00007ffbff110000 - 0x00007ffbff121000 	C:\Windows\SYSTEM32\SortWindows61.dll
0x00007ffc0ee90000 - 0x00007ffc0efa1000 	C:\Windows\System32\ucrtbase.dll
0x00007ffbf44d0000 - 0x00007ffbf44ee000 	C:\Program Files\Microsoft\jdk-21.0.11.10-hotspot\bin\VCRUNTIME140.dll
0x00007ffbe5d50000 - 0x00007ffbe5d68000 	C:\Program Files\Microsoft\jdk-21.0.11.10-hotspot\bin\jli.dll
0x00007ffc10930000 - 0x00007ffc10adc000 	C:\Windows\System32\USER32.dll
0x00007ffc0ec80000 - 0x00007ffc0eca6000 	C:\Windows\System32\win32u.dll
0x00007ffbf52e0000 - 0x00007ffbf5585000 	C:\Windows\WinSxS\amd64_microsoft.windows.common-controls_6595b64144ccf1df_6.0.21996.1_none_7d6b053978bcd706\COMCTL32.dll
0x00007ffc0f980000 - 0x00007ffc0f9a9000 	C:\Windows\System32\GDI32.dll
0x00007ffc0eb60000 - 0x00007ffc0ec72000 	C:\Windows\System32\gdi32full.dll
0x00007ffc0f0f0000 - 0x00007ffc0f18d000 	C:\Windows\System32\msvcp_win.dll
0x00007ffc10e10000 - 0x00007ffc10e41000 	C:\Windows\System32\IMM32.DLL
0x00007ffc01ce0000 - 0x00007ffc01cec000 	C:\Program Files\Microsoft\jdk-21.0.11.10-hotspot\bin\vcruntime140_1.dll
0x00007ffbd47f0000 - 0x00007ffbd4879000 	C:\Program Files\Microsoft\jdk-21.0.11.10-hotspot\bin\msvcp140.dll
0x00007ffb86fb0000 - 0x00007ffb87d5e000 	C:\Program Files\Microsoft\jdk-21.0.11.10-hotspot\bin\server\jvm.dll
0x00007ffc10600000 - 0x00007ffc106ac000 	C:\Windows\System32\ADVAPI32.dll
0x00007ffc0f8e0000 - 0x00007ffc0f97d000 	C:\Windows\System32\sechost.dll
0x00007ffc10cd0000 - 0x00007ffc10df1000 	C:\Windows\System32\RPCRT4.dll
0x00007ffc108c0000 - 0x00007ffc1092f000 	C:\Windows\System32\WS2_32.dll
0x00007ffc0e600000 - 0x00007ffc0e64d000 	C:\Windows\SYSTEM32\POWRPROF.dll
0x00007ffc08110000 - 0x00007ffc08143000 	C:\Windows\SYSTEM32\WINMM.dll
0x00007ffbfab60000 - 0x00007ffbfab6a000 	C:\Windows\SYSTEM32\VERSION.dll
0x00007ffc0e4f0000 - 0x00007ffc0e503000 	C:\Windows\SYSTEM32\UMPDC.dll
0x00007ffc0d910000 - 0x00007ffc0d927000 	C:\Windows\SYSTEM32\kernel.appcore.dll
0x00007ffc011c0000 - 0x00007ffc011ca000 	C:\Program Files\Microsoft\jdk-21.0.11.10-hotspot\bin\jimage.dll
0x00007ffc00ad0000 - 0x00007ffc00cf1000 	C:\Windows\SYSTEM32\DBGHELP.DLL
0x00007ffbfad80000 - 0x00007ffbfadb1000 	C:\Windows\SYSTEM32\dbgcore.DLL
0x00007ffc0efb0000 - 0x00007ffc0f030000 	C:\Windows\System32\bcryptPrimitives.dll
0x00007ffbe08d0000 - 0x00007ffbe08f1000 	C:\Program Files\Microsoft\jdk-21.0.11.10-hotspot\bin\java.dll

JVMTI agents: none

dbghelp: loaded successfully - version: 4.0.5 - missing functions: none
symbol engine: initialized successfully - sym options: 0x614 - pdb path: .;C:\Program Files\Microsoft\jdk-21.0.11.10-hotspot\bin;C:\Windows\SYSTEM32;C:\Windows\WinSxS\amd64_microsoft.windows.common-controls_6595b64144ccf1df_6.0.21996.1_none_7d6b053978bcd706;C:\Program Files\Microsoft\jdk-21.0.11.10-hotspot\bin\server

VM Arguments:
jvm_args: -Dclassworlds.conf=C:\Program Files\NetBeans-25\netbeans\java\maven\bin\m2.conf -Dmaven.home=C:\Program Files\NetBeans-25\netbeans\java\maven -Dlibrary.jansi.path=C:\Program Files\NetBeans-25\netbeans\java\maven\lib\jansi-native -Dmaven.multiModuleProjectDirectory=C:\Users\CHRISCOM\Documents\NetBeansProjects\examsystem 
java_command: org.codehaus.plexus.classworlds.launcher.Launcher -Dexec.vmArgs= -Dexec.appArgs= -Dmaven.ext.class.path=C:\Program Files\NetBeans-25\netbeans\java\maven-nblib\netbeans-eventspy.jar --no-transfer-progress javafx:run
java_class_path (initial): C:\Program Files\NetBeans-25\netbeans\java\maven\boot\plexus-classworlds-2.8.0.jar
Launcher Type: SUN_STANDARD

[Global flags]
     intx CICompilerCount                          = 4                                         {product} {ergonomic}
     uint ConcGCThreads                            = 2                                         {product} {ergonomic}
     uint G1ConcRefinementThreads                  = 8                                         {product} {ergonomic}
   size_t G1HeapRegionSize                         = 1048576                                   {product} {ergonomic}
    uintx GCDrainStackTargetSize                   = 64                                        {product} {ergonomic}
   size_t InitialHeapSize                          = 127926272                                 {product} {ergonomic}
   size_t MarkStackSize                            = 4194304                                   {product} {ergonomic}
   size_t MaxHeapSize                              = 2040528896                                {product} {ergonomic}
   size_t MinHeapDeltaBytes                        = 1048576                                   {product} {ergonomic}
   size_t MinHeapSize                              = 8388608                                   {product} {ergonomic}
    uintx NonNMethodCodeHeapSize                   = 5839372                                {pd product} {ergonomic}
    uintx NonProfiledCodeHeapSize                  = 122909434                              {pd product} {ergonomic}
    uintx ProfiledCodeHeapSize                     = 122909434                              {pd product} {ergonomic}
    uintx ReservedCodeCacheSize                    = 251658240                              {pd product} {ergonomic}
     bool SegmentedCodeCache                       = true                                      {product} {ergonomic}
   size_t SoftMaxHeapSize                          = 2040528896                             {manageable} {ergonomic}
     bool UseCompressedOops                        = true                           {product lp64_product} {ergonomic}
     bool UseG1GC                                  = true                                      {product} {ergonomic}
     bool UseLargePagesIndividualAllocation        = false                                  {pd product} {ergonomic}

Logging:
Log output configuration:
 #0: stdout all=warning uptime,level,tags foldmultilines=false
 #1: stderr all=off uptime,level,tags foldmultilines=false

Release file:
<release file has not been read>
Environment Variables:
JAVA_HOME=C:\Program Files\Microsoft\jdk-21.0.11.10-hotspot
PATH=C:\Program Files\Common Files\Oracle\Java\javapath;C:\Program Files\Microsoft\jdk-21.0.11.10-hotspot\bin;C:\Python314\Scripts\;C:\Python314\;C:\Program Files (x86)\VMware\VMware Workstation\bin\;C:\ProgramData\Oracle\Java\javapath;C:\Windows\system32;C:\Windows;C:\Windows\System32\Wbem;C:\Windows\System32\WindowsPowerShell\v1.0\;C:\Windows\System32\OpenSSH\;C:\Program Files (x86)\Microsoft SQL Server\160\Tools\Binn\;C:\Program Files\Microsoft SQL Server\160\Tools\Binn\;C:\Program Files\Microsoft SQL Server\Client SDK\ODBC\170\Tools\Binn\;C:\Program Files\Microsoft SQL Server\160\DTS\Binn\;C:\Program Files\Microsoft SQL Server\170\DTS\Binn\;C:\Program Files\dotnet\;C:\Program Files\nodejs\;C:\ProgramData\chocolatey\bin;C:\Users\CHRISCOM\AppData\Local\Microsoft\WindowsApps;C:\Users\CHRISCOM\.dotnet\tools;C:\Users\CHRISCOM\AppData\Local\Programs\Microsoft VS Code\bin;C:\Users\CHRISCOM\AppData\Roaming\npm;C:\Users\CHRISCOM\AppData\Local\GitHubDesktop\bin
USERNAME=CHRISCOM
OS=Windows_NT
PROCESSOR_IDENTIFIER=Intel64 Family 6 Model 126 Stepping 5, GenuineIntel
TMP=C:\Users\CHRISCOM\AppData\Local\Temp
TEMP=C:\Users\CHRISCOM\AppData\Local\Temp




Periodic native trim disabled

---------------  S Y S T E M  ---------------

OS:
 Windows 10 , 64 bit Build 21996 (10.0.21996.1)
OS uptime: 3 days 3:44 hours

CPU: total 8 (initial active 8) (4 cores per cpu, 2 threads per core) family 6 model 126 stepping 5 microcode 0xc6, cx8, cmov, fxsr, ht, mmx, 3dnowpref, sse, sse2, sse3, ssse3, sse4.1, sse4.2, popcnt, lzcnt, tsc, tscinvbit, avx, avx2, aes, erms, clmul, bmi1, bmi2, adx, avx512f, avx512dq, avx512cd, avx512bw, avx512vl, sha, fma, vzeroupper, avx512_vpopcntdq, avx512_vpclmulqdq, avx512_vaes, avx512_vnni, clflush, clflushopt, avx512_vbmi2, avx512_vbmi, rdtscp, rdpid, fsrm, gfni, avx512_bitalg, f16c, pku, avx512_ifma
Processor Information for the first 8 processors :
  Max Mhz: 1498, Current Mhz: 1098, Mhz Limit: 1093

Memory: 4k page, system-wide physical 7777M (336M free)
TotalPageFile size 22963M (AvailPageFile size 49M)
current process WorkingSet (physical memory assigned to process): 14M, peak: 14M
current process commit charge ("private bytes"): 66M, peak: 187M

vm_info: OpenJDK 64-Bit Server VM (21.0.11+10-LTS) for windows-amd64 JRE (21.0.11+10-LTS), built on 2026-04-18T18:13:49Z by "MicrosoftCorporation" with MS VC++ 17.14 (VS2022)

END.
