#
# There is insufficient memory for the Java Runtime Environment to continue.
# Native memory allocation (malloc) failed to allocate 480672 bytes. Error detail: Chunk::new
# Possible reasons:
#   The system is out of physical RAM or swap space
#   This process is running with CompressedOops enabled, and the Java Heap may be blocking the growth of the native heap
# Possible solutions:
#   Reduce memory load on the system
#   Increase physical memory or swap space
#   Check if swap backing store is full
#   Decrease Java heap size (-Xmx/-Xms)
#   Decrease number of Java threads
#   Decrease Java thread stack sizes (-Xss)
#   Set larger code cache with -XX:ReservedCodeCacheSize=
#   JVM is running with Unscaled Compressed Oops mode in which the Java heap is
#     placed in the first 4GB address space. The Java Heap base address is the
#     maximum limit for the native heap growth. Please use -XX:HeapBaseMinAddress
#     to set the Java Heap base and to place the Java Heap above 4GB virtual address.
# This output file may be truncated or incomplete.
#
#  Out of Memory Error (arena.cpp:168), pid=22968, tid=1248
#
# JRE version: OpenJDK Runtime Environment Microsoft-13877171 (21.0.11+10) (build 21.0.11+10-LTS)
# Java VM: OpenJDK 64-Bit Server VM Microsoft-13877171 (21.0.11+10-LTS, mixed mode, sharing, tiered, compressed oops, compressed class ptrs, g1 gc, windows-amd64)
# No core dump will be written. Minidumps are not enabled by default on client versions of Windows
#

---------------  S U M M A R Y ------------

Command Line: --module-path=C:\Users\CHRISCOM\.m2\repository\org\openjfx\javafx-base\21.0.2\javafx-base-21.0.2-win.jar;C:\Users\CHRISCOM\.m2\repository\org\openjfx\javafx-base\21.0.2\javafx-base-21.0.2.jar;C:\Users\CHRISCOM\.m2\repository\org\openjfx\javafx-controls\21.0.2\javafx-controls-21.0.2-win.jar;C:\Users\CHRISCOM\.m2\repository\org\openjfx\javafx-controls\21.0.2\javafx-controls-21.0.2.jar;C:\Users\CHRISCOM\.m2\repository\org\openjfx\javafx-graphics\21.0.2\javafx-graphics-21.0.2-win.jar;C:\Users\CHRISCOM\.m2\repository\org\openjfx\javafx-graphics\21.0.2\javafx-graphics-21.0.2.jar --add-modules=javafx.base,javafx.controls,javafx.graphics com.exam.ui.MainApp

Host: Intel(R) Core(TM) i5-1035G4 CPU @ 1.10GHz, 8 cores, 7G,  Windows 10 , 64 bit Build 21996 (10.0.21996.1)
Time: Sun Jul 12 00:50:55 2026 Greenwich Standard Time elapsed time: 4.915734 seconds (0d 0h 0m 4s)

---------------  T H R E A D  ---------------

Current thread (0x000001fdd09d52c0):  JavaThread "C2 CompilerThread0" daemon [_thread_in_native, id=1248, stack(0x0000006aefe00000,0x0000006aeff00000) (1024K)]


Current CompileTask:
C2:4915 2426 %     4       com.sun.marlin.Renderer::_endRendering @ 251 (2639 bytes)

Stack: [0x0000006aefe00000,0x0000006aeff00000]
Native frames: (J=compiled Java code, j=interpreted, Vv=VM code, C=native code)
V  [jvm.dll+0x6e0429]  (no source info available)
V  [jvm.dll+0x8c057b]  (no source info available)
V  [jvm.dll+0x8c2b0a]  (no source info available)
V  [jvm.dll+0x8c31e3]  (no source info available)
V  [jvm.dll+0x28ac66]  (no source info available)
V  [jvm.dll+0xc91cd]  (no source info available)
V  [jvm.dll+0xc971c]  (no source info available)
V  [jvm.dll+0x3c859c]  (no source info available)
V  [jvm.dll+0x394bb2]  (no source info available)
V  [jvm.dll+0x39400a]  (no source info available)
V  [jvm.dll+0x252840]  (no source info available)
V  [jvm.dll+0x251e6c]  (no source info available)
V  [jvm.dll+0x1d1c5f]  (no source info available)
V  [jvm.dll+0x261bda]  (no source info available)
V  [jvm.dll+0x25ff45]  (no source info available)
V  [jvm.dll+0x4022c5]  (no source info available)
V  [jvm.dll+0x86b2bd]  (no source info available)
V  [jvm.dll+0x6e19dd]  (no source info available)
C  [ucrtbase.dll+0x26c0c]  (no source info available)
C  [KERNEL32.DLL+0x154e0]  (no source info available)
C  [ntdll.dll+0x485b]  (no source info available)


---------------  P R O C E S S  ---------------

Threads class SMR info:
_java_thread_list=0x000001fe1bfc94a0, length=18, elements={
0x000001fdb3e7f730, 0x000001fdce08ab60, 0x000001fdce08d840, 0x000001fdd09a6410,
0x000001fdd09aaf80, 0x000001fdd09b3af0, 0x000001fdd09b6640, 0x000001fdd09d52c0,
0x000001fdd09d7e50, 0x000001fdd0b52240, 0x000001fe162fccb0, 0x000001fe167b7940,
0x000001fe16a5e7f0, 0x000001fe16a6a1a0, 0x000001fe16fe73b0, 0x000001fe170669a0,
0x000001fe174ec630, 0x000001fe174e88e0
}

Java Threads: ( => current thread )
  0x000001fdb3e7f730 JavaThread "main"                              [_thread_blocked, id=4672, stack(0x0000006aef000000,0x0000006aef100000) (1024K)]
  0x000001fdce08ab60 JavaThread "Reference Handler"          daemon [_thread_blocked, id=1648, stack(0x0000006aef800000,0x0000006aef900000) (1024K)]
  0x000001fdce08d840 JavaThread "Finalizer"                  daemon [_thread_blocked, id=22896, stack(0x0000006aef900000,0x0000006aefa00000) (1024K)]
  0x000001fdd09a6410 JavaThread "Signal Dispatcher"          daemon [_thread_blocked, id=20152, stack(0x0000006aefa00000,0x0000006aefb00000) (1024K)]
  0x000001fdd09aaf80 JavaThread "Attach Listener"            daemon [_thread_blocked, id=3532, stack(0x0000006aefb00000,0x0000006aefc00000) (1024K)]
  0x000001fdd09b3af0 JavaThread "Service Thread"             daemon [_thread_blocked, id=21732, stack(0x0000006aefc00000,0x0000006aefd00000) (1024K)]
  0x000001fdd09b6640 JavaThread "Monitor Deflation Thread"   daemon [_thread_blocked, id=14596, stack(0x0000006aefd00000,0x0000006aefe00000) (1024K)]
=>0x000001fdd09d52c0 JavaThread "C2 CompilerThread0"         daemon [_thread_in_native, id=1248, stack(0x0000006aefe00000,0x0000006aeff00000) (1024K)]
  0x000001fdd09d7e50 JavaThread "C1 CompilerThread0"         daemon [_thread_blocked, id=6224, stack(0x0000006aeff00000,0x0000006af0000000) (1024K)]
  0x000001fdd0b52240 JavaThread "Common-Cleaner"             daemon [_thread_blocked, id=20012, stack(0x0000006af0000000,0x0000006af0100000) (1024K)]
  0x000001fe162fccb0 JavaThread "Notification Thread"        daemon [_thread_blocked, id=2024, stack(0x0000006af0200000,0x0000006af0300000) (1024K)]
  0x000001fe167b7940 JavaThread "QuantumRenderer-0"          daemon [_thread_blocked, id=9568, stack(0x0000006af0300000,0x0000006af0400000) (1024K)]
  0x000001fe16a5e7f0 JavaThread "InvokeLaterDispatcher"      daemon [_thread_blocked, id=22040, stack(0x0000006af0400000,0x0000006af0500000) (1024K)]
  0x000001fe16a6a1a0 JavaThread "JavaFX Application Thread"         [_thread_in_native, id=16028, stack(0x0000006af0500000,0x0000006af0600000) (1024K)]
  0x000001fe16fe73b0 JavaThread "JavaFX-Launcher"                   [_thread_blocked, id=8616, stack(0x0000006af0a00000,0x0000006af0b00000) (1024K)]
  0x000001fe170669a0 JavaThread "Thread-2"                   daemon [_thread_in_native, id=22996, stack(0x0000006af0900000,0x0000006af0a00000) (1024K)]
  0x000001fe174ec630 JavaThread "Prism Font Disposer"        daemon [_thread_blocked, id=2020, stack(0x0000006af1300000,0x0000006af1400000) (1024K)]
  0x000001fe174e88e0 JavaThread "Cleaner-0"                  daemon [_thread_blocked, id=5740, stack(0x0000006af0100000,0x0000006af0200000) (1024K)]
Total: 18

Other Threads:
  0x000001fdce05f900 VMThread "VM Thread"                           [id=15528, stack(0x0000006aef700000,0x0000006aef800000) (1024K)]
  0x000001fdd0990e40 WatcherThread "VM Periodic Task Thread"        [id=4848, stack(0x0000006aef600000,0x0000006aef700000) (1024K)]
  0x000001fdb3ede5e0 WorkerThread "GC Thread#0"                     [id=19996, stack(0x0000006aef100000,0x0000006aef200000) (1024K)]
  0x000001fe170c9eb0 WorkerThread "GC Thread#1"                     [id=16080, stack(0x0000006af0b00000,0x0000006af0c00000) (1024K)]
  0x000001fe170ca290 WorkerThread "GC Thread#2"                     [id=7032, stack(0x0000006af0c00000,0x0000006af0d00000) (1024K)]
  0x000001fe170ca670 WorkerThread "GC Thread#3"                     [id=21808, stack(0x0000006af0d00000,0x0000006af0e00000) (1024K)]
  0x000001fe170caa50 WorkerThread "GC Thread#4"                     [id=14256, stack(0x0000006af0e00000,0x0000006af0f00000) (1024K)]
  0x000001fe170cae30 WorkerThread "GC Thread#5"                     [id=14628, stack(0x0000006af0f00000,0x0000006af1000000) (1024K)]
  0x000001fe1c95d340 WorkerThread "GC Thread#6"                     [id=4720, stack(0x0000006af1400000,0x0000006af1500000) (1024K)]
  0x000001fe1c95d720 WorkerThread "GC Thread#7"                     [id=23228, stack(0x0000006af1500000,0x0000006af1600000) (1024K)]
  0x000001fdcde9fd80 ConcurrentGCThread "G1 Main Marker"            [id=23276, stack(0x0000006aef200000,0x0000006aef300000) (1024K)]
  0x000001fdcdea09a0 WorkerThread "G1 Conc#0"                       [id=13864, stack(0x0000006aef300000,0x0000006aef400000) (1024K)]
  0x000001fdcdf80020 ConcurrentGCThread "G1 Refine#0"               [id=2568, stack(0x0000006aef400000,0x0000006aef500000) (1024K)]
  0x000001fdcdf80cb0 ConcurrentGCThread "G1 Service"                [id=22636, stack(0x0000006aef500000,0x0000006aef600000) (1024K)]
Total: 14

Threads with active compile tasks:
C2 CompilerThread0  4947 2426 %     4       com.sun.marlin.Renderer::_endRendering @ 251 (2639 bytes)
Total: 1

VM state: not at safepoint (normal execution)

VM Mutex/Monitor currently owned by a thread: None

Heap address: 0x0000000086600000, size: 1946 MB, Compressed Oops mode: 32-bit

CDS archive(s) mapped at: [0x000001fdd1000000-0x000001fdd1c80000-0x000001fdd1c80000), size 13107200, SharedBaseAddress: 0x000001fdd1000000, ArchiveRelocationMode: 1.
Compressed class space mapped at: 0x000001fdd2000000-0x000001fe12000000, reserved size: 1073741824
Narrow klass base: 0x000001fdd1000000, Narrow klass shift: 0, Narrow klass range: 0x100000000

GC Precious Log:
 CardTable entry size: 512
 Card Set container configuration: InlinePtr #cards 5 size 8 Array Of Cards #cards 12 size 40 Howl #buckets 4 coarsen threshold 1843 Howl Bitmap #cards 512 size 80 coarsen threshold 460 Card regions per heap region 1 cards per card region 2048
 CPUs: 8 total, 8 available
 Memory: 7777M
 Large Page Support: Disabled
 NUMA Support: Disabled
 Compressed Oops: Enabled (32-bit)
 Heap Region Size: 1M
 Heap Min Capacity: 8M
 Heap Initial Capacity: 122M
 Heap Max Capacity: 1946M
 Pre-touch: Disabled
 Parallel Workers: 8
 Concurrent Workers: 2
 Concurrent Refinement Workers: 8
 Periodic GC: Disabled

Heap:
 garbage-first heap   total 124928K, used 20167K [0x0000000086600000, 0x0000000100000000)
  region size 1024K, 16 young (16384K), 3 survivors (3072K)
 Metaspace       used 14196K, committed 14464K, reserved 1114112K
  class space    used 2234K, committed 2368K, reserved 1048576K

Heap Regions: E=young(eden), S=young(survivor), O=old, HS=humongous(starts), HC=humongous(continues), CS=collection set, F=free, TAMS=top-at-mark-start, PB=parsable bottom
|   0|0x0000000086600000, 0x0000000086700000, 0x0000000086700000|100%| O|  |TAMS 0x0000000086600000| PB 0x0000000086600000| Untracked 
|   1|0x0000000086700000, 0x0000000086800000, 0x0000000086800000|100%| O|  |TAMS 0x0000000086700000| PB 0x0000000086700000| Untracked 
|   2|0x0000000086800000, 0x00000000868d7ab8, 0x0000000086900000| 84%| O|  |TAMS 0x0000000086800000| PB 0x0000000086800000| Untracked 
|   3|0x0000000086900000, 0x0000000086a00000, 0x0000000086a00000|100%|HS|  |TAMS 0x0000000086900000| PB 0x0000000086900000| Complete 
|   4|0x0000000086a00000, 0x0000000086b00000, 0x0000000086b00000|100%|HC|  |TAMS 0x0000000086a00000| PB 0x0000000086a00000| Complete 
|   5|0x0000000086b00000, 0x0000000086b00000, 0x0000000086c00000|  0%| F|  |TAMS 0x0000000086b00000| PB 0x0000000086b00000| Untracked 
|   6|0x0000000086c00000, 0x0000000086c00000, 0x0000000086d00000|  0%| F|  |TAMS 0x0000000086c00000| PB 0x0000000086c00000| Untracked 
|   7|0x0000000086d00000, 0x0000000086d00000, 0x0000000086e00000|  0%| F|  |TAMS 0x0000000086d00000| PB 0x0000000086d00000| Untracked 
|   8|0x0000000086e00000, 0x0000000086e00000, 0x0000000086f00000|  0%| F|  |TAMS 0x0000000086e00000| PB 0x0000000086e00000| Untracked 
|   9|0x0000000086f00000, 0x0000000086f00000, 0x0000000087000000|  0%| F|  |TAMS 0x0000000086f00000| PB 0x0000000086f00000| Untracked 
|  10|0x0000000087000000, 0x0000000087000000, 0x0000000087100000|  0%| F|  |TAMS 0x0000000087000000| PB 0x0000000087000000| Untracked 
|  11|0x0000000087100000, 0x0000000087100000, 0x0000000087200000|  0%| F|  |TAMS 0x0000000087100000| PB 0x0000000087100000| Untracked 
|  12|0x0000000087200000, 0x0000000087200000, 0x0000000087300000|  0%| F|  |TAMS 0x0000000087200000| PB 0x0000000087200000| Untracked 
|  13|0x0000000087300000, 0x0000000087300000, 0x0000000087400000|  0%| F|  |TAMS 0x0000000087300000| PB 0x0000000087300000| Untracked 
|  14|0x0000000087400000, 0x0000000087400000, 0x0000000087500000|  0%| F|  |TAMS 0x0000000087400000| PB 0x0000000087400000| Untracked 
|  15|0x0000000087500000, 0x0000000087500000, 0x0000000087600000|  0%| F|  |TAMS 0x0000000087500000| PB 0x0000000087500000| Untracked 
|  16|0x0000000087600000, 0x0000000087600000, 0x0000000087700000|  0%| F|  |TAMS 0x0000000087600000| PB 0x0000000087600000| Untracked 
|  17|0x0000000087700000, 0x0000000087700000, 0x0000000087800000|  0%| F|  |TAMS 0x0000000087700000| PB 0x0000000087700000| Untracked 
|  18|0x0000000087800000, 0x0000000087800000, 0x0000000087900000|  0%| F|  |TAMS 0x0000000087800000| PB 0x0000000087800000| Untracked 
|  19|0x0000000087900000, 0x0000000087900000, 0x0000000087a00000|  0%| F|  |TAMS 0x0000000087900000| PB 0x0000000087900000| Untracked 
|  20|0x0000000087a00000, 0x0000000087a00000, 0x0000000087b00000|  0%| F|  |TAMS 0x0000000087a00000| PB 0x0000000087a00000| Untracked 
|  21|0x0000000087b00000, 0x0000000087b00000, 0x0000000087c00000|  0%| F|  |TAMS 0x0000000087b00000| PB 0x0000000087b00000| Untracked 
|  22|0x0000000087c00000, 0x0000000087c00000, 0x0000000087d00000|  0%| F|  |TAMS 0x0000000087c00000| PB 0x0000000087c00000| Untracked 
|  23|0x0000000087d00000, 0x0000000087d00000, 0x0000000087e00000|  0%| F|  |TAMS 0x0000000087d00000| PB 0x0000000087d00000| Untracked 
|  24|0x0000000087e00000, 0x0000000087e00000, 0x0000000087f00000|  0%| F|  |TAMS 0x0000000087e00000| PB 0x0000000087e00000| Untracked 
|  25|0x0000000087f00000, 0x0000000087f00000, 0x0000000088000000|  0%| F|  |TAMS 0x0000000087f00000| PB 0x0000000087f00000| Untracked 
|  26|0x0000000088000000, 0x0000000088000000, 0x0000000088100000|  0%| F|  |TAMS 0x0000000088000000| PB 0x0000000088000000| Untracked 
|  27|0x0000000088100000, 0x0000000088100000, 0x0000000088200000|  0%| F|  |TAMS 0x0000000088100000| PB 0x0000000088100000| Untracked 
|  28|0x0000000088200000, 0x0000000088200000, 0x0000000088300000|  0%| F|  |TAMS 0x0000000088200000| PB 0x0000000088200000| Untracked 
|  29|0x0000000088300000, 0x0000000088300000, 0x0000000088400000|  0%| F|  |TAMS 0x0000000088300000| PB 0x0000000088300000| Untracked 
|  30|0x0000000088400000, 0x0000000088400000, 0x0000000088500000|  0%| F|  |TAMS 0x0000000088400000| PB 0x0000000088400000| Untracked 
|  31|0x0000000088500000, 0x0000000088500000, 0x0000000088600000|  0%| F|  |TAMS 0x0000000088500000| PB 0x0000000088500000| Untracked 
|  32|0x0000000088600000, 0x0000000088600000, 0x0000000088700000|  0%| F|  |TAMS 0x0000000088600000| PB 0x0000000088600000| Untracked 
|  33|0x0000000088700000, 0x0000000088700000, 0x0000000088800000|  0%| F|  |TAMS 0x0000000088700000| PB 0x0000000088700000| Untracked 
|  34|0x0000000088800000, 0x0000000088800000, 0x0000000088900000|  0%| F|  |TAMS 0x0000000088800000| PB 0x0000000088800000| Untracked 
|  35|0x0000000088900000, 0x0000000088900000, 0x0000000088a00000|  0%| F|  |TAMS 0x0000000088900000| PB 0x0000000088900000| Untracked 
|  36|0x0000000088a00000, 0x0000000088a00000, 0x0000000088b00000|  0%| F|  |TAMS 0x0000000088a00000| PB 0x0000000088a00000| Untracked 
|  37|0x0000000088b00000, 0x0000000088b00000, 0x0000000088c00000|  0%| F|  |TAMS 0x0000000088b00000| PB 0x0000000088b00000| Untracked 
|  38|0x0000000088c00000, 0x0000000088c00000, 0x0000000088d00000|  0%| F|  |TAMS 0x0000000088c00000| PB 0x0000000088c00000| Untracked 
|  39|0x0000000088d00000, 0x0000000088d00000, 0x0000000088e00000|  0%| F|  |TAMS 0x0000000088d00000| PB 0x0000000088d00000| Untracked 
|  40|0x0000000088e00000, 0x0000000088e00000, 0x0000000088f00000|  0%| F|  |TAMS 0x0000000088e00000| PB 0x0000000088e00000| Untracked 
|  41|0x0000000088f00000, 0x0000000088f00000, 0x0000000089000000|  0%| F|  |TAMS 0x0000000088f00000| PB 0x0000000088f00000| Untracked 
|  42|0x0000000089000000, 0x0000000089000000, 0x0000000089100000|  0%| F|  |TAMS 0x0000000089000000| PB 0x0000000089000000| Untracked 
|  43|0x0000000089100000, 0x0000000089100000, 0x0000000089200000|  0%| F|  |TAMS 0x0000000089100000| PB 0x0000000089100000| Untracked 
|  44|0x0000000089200000, 0x0000000089200000, 0x0000000089300000|  0%| F|  |TAMS 0x0000000089200000| PB 0x0000000089200000| Untracked 
|  45|0x0000000089300000, 0x0000000089300000, 0x0000000089400000|  0%| F|  |TAMS 0x0000000089300000| PB 0x0000000089300000| Untracked 
|  46|0x0000000089400000, 0x0000000089400000, 0x0000000089500000|  0%| F|  |TAMS 0x0000000089400000| PB 0x0000000089400000| Untracked 
|  47|0x0000000089500000, 0x0000000089500000, 0x0000000089600000|  0%| F|  |TAMS 0x0000000089500000| PB 0x0000000089500000| Untracked 
|  48|0x0000000089600000, 0x0000000089600000, 0x0000000089700000|  0%| F|  |TAMS 0x0000000089600000| PB 0x0000000089600000| Untracked 
|  49|0x0000000089700000, 0x0000000089700000, 0x0000000089800000|  0%| F|  |TAMS 0x0000000089700000| PB 0x0000000089700000| Untracked 
|  50|0x0000000089800000, 0x0000000089800000, 0x0000000089900000|  0%| F|  |TAMS 0x0000000089800000| PB 0x0000000089800000| Untracked 
|  51|0x0000000089900000, 0x0000000089900000, 0x0000000089a00000|  0%| F|  |TAMS 0x0000000089900000| PB 0x0000000089900000| Untracked 
|  52|0x0000000089a00000, 0x0000000089a00000, 0x0000000089b00000|  0%| F|  |TAMS 0x0000000089a00000| PB 0x0000000089a00000| Untracked 
|  53|0x0000000089b00000, 0x0000000089b00000, 0x0000000089c00000|  0%| F|  |TAMS 0x0000000089b00000| PB 0x0000000089b00000| Untracked 
|  54|0x0000000089c00000, 0x0000000089c00000, 0x0000000089d00000|  0%| F|  |TAMS 0x0000000089c00000| PB 0x0000000089c00000| Untracked 
|  55|0x0000000089d00000, 0x0000000089d00000, 0x0000000089e00000|  0%| F|  |TAMS 0x0000000089d00000| PB 0x0000000089d00000| Untracked 
|  56|0x0000000089e00000, 0x0000000089e00000, 0x0000000089f00000|  0%| F|  |TAMS 0x0000000089e00000| PB 0x0000000089e00000| Untracked 
|  57|0x0000000089f00000, 0x0000000089f00000, 0x000000008a000000|  0%| F|  |TAMS 0x0000000089f00000| PB 0x0000000089f00000| Untracked 
|  58|0x000000008a000000, 0x000000008a000000, 0x000000008a100000|  0%| F|  |TAMS 0x000000008a000000| PB 0x000000008a000000| Untracked 
|  59|0x000000008a100000, 0x000000008a100000, 0x000000008a200000|  0%| F|  |TAMS 0x000000008a100000| PB 0x000000008a100000| Untracked 
|  60|0x000000008a200000, 0x000000008a200000, 0x000000008a300000|  0%| F|  |TAMS 0x000000008a200000| PB 0x000000008a200000| Untracked 
|  61|0x000000008a300000, 0x000000008a300000, 0x000000008a400000|  0%| F|  |TAMS 0x000000008a300000| PB 0x000000008a300000| Untracked 
|  62|0x000000008a400000, 0x000000008a400000, 0x000000008a500000|  0%| F|  |TAMS 0x000000008a400000| PB 0x000000008a400000| Untracked 
|  63|0x000000008a500000, 0x000000008a500000, 0x000000008a600000|  0%| F|  |TAMS 0x000000008a500000| PB 0x000000008a500000| Untracked 
|  64|0x000000008a600000, 0x000000008a600000, 0x000000008a700000|  0%| F|  |TAMS 0x000000008a600000| PB 0x000000008a600000| Untracked 
|  65|0x000000008a700000, 0x000000008a700000, 0x000000008a800000|  0%| F|  |TAMS 0x000000008a700000| PB 0x000000008a700000| Untracked 
|  66|0x000000008a800000, 0x000000008a800000, 0x000000008a900000|  0%| F|  |TAMS 0x000000008a800000| PB 0x000000008a800000| Untracked 
|  67|0x000000008a900000, 0x000000008a900000, 0x000000008aa00000|  0%| F|  |TAMS 0x000000008a900000| PB 0x000000008a900000| Untracked 
|  68|0x000000008aa00000, 0x000000008aa00000, 0x000000008ab00000|  0%| F|  |TAMS 0x000000008aa00000| PB 0x000000008aa00000| Untracked 
|  69|0x000000008ab00000, 0x000000008ab00000, 0x000000008ac00000|  0%| F|  |TAMS 0x000000008ab00000| PB 0x000000008ab00000| Untracked 
|  70|0x000000008ac00000, 0x000000008ac00000, 0x000000008ad00000|  0%| F|  |TAMS 0x000000008ac00000| PB 0x000000008ac00000| Untracked 
|  71|0x000000008ad00000, 0x000000008ad00000, 0x000000008ae00000|  0%| F|  |TAMS 0x000000008ad00000| PB 0x000000008ad00000| Untracked 
|  72|0x000000008ae00000, 0x000000008ae00000, 0x000000008af00000|  0%| F|  |TAMS 0x000000008ae00000| PB 0x000000008ae00000| Untracked 
|  73|0x000000008af00000, 0x000000008af00000, 0x000000008b000000|  0%| F|  |TAMS 0x000000008af00000| PB 0x000000008af00000| Untracked 
|  74|0x000000008b000000, 0x000000008b000000, 0x000000008b100000|  0%| F|  |TAMS 0x000000008b000000| PB 0x000000008b000000| Untracked 
|  75|0x000000008b100000, 0x000000008b100000, 0x000000008b200000|  0%| F|  |TAMS 0x000000008b100000| PB 0x000000008b100000| Untracked 
|  76|0x000000008b200000, 0x000000008b200000, 0x000000008b300000|  0%| F|  |TAMS 0x000000008b200000| PB 0x000000008b200000| Untracked 
|  77|0x000000008b300000, 0x000000008b300000, 0x000000008b400000|  0%| F|  |TAMS 0x000000008b300000| PB 0x000000008b300000| Untracked 
|  78|0x000000008b400000, 0x000000008b400000, 0x000000008b500000|  0%| F|  |TAMS 0x000000008b400000| PB 0x000000008b400000| Untracked 
|  79|0x000000008b500000, 0x000000008b500000, 0x000000008b600000|  0%| F|  |TAMS 0x000000008b500000| PB 0x000000008b500000| Untracked 
|  80|0x000000008b600000, 0x000000008b600000, 0x000000008b700000|  0%| F|  |TAMS 0x000000008b600000| PB 0x000000008b600000| Untracked 
|  81|0x000000008b700000, 0x000000008b700000, 0x000000008b800000|  0%| F|  |TAMS 0x000000008b700000| PB 0x000000008b700000| Untracked 
|  82|0x000000008b800000, 0x000000008b8da288, 0x000000008b900000| 85%| S|CS|TAMS 0x000000008b800000| PB 0x000000008b800000| Complete 
|  83|0x000000008b900000, 0x000000008ba00000, 0x000000008ba00000|100%| S|CS|TAMS 0x000000008b900000| PB 0x000000008b900000| Complete 
|  84|0x000000008ba00000, 0x000000008bb00000, 0x000000008bb00000|100%| S|CS|TAMS 0x000000008ba00000| PB 0x000000008ba00000| Complete 
|  85|0x000000008bb00000, 0x000000008bb00000, 0x000000008bc00000|  0%| F|  |TAMS 0x000000008bb00000| PB 0x000000008bb00000| Untracked 
|  86|0x000000008bc00000, 0x000000008bc00000, 0x000000008bd00000|  0%| F|  |TAMS 0x000000008bc00000| PB 0x000000008bc00000| Untracked 
|  87|0x000000008bd00000, 0x000000008bd00000, 0x000000008be00000|  0%| F|  |TAMS 0x000000008bd00000| PB 0x000000008bd00000| Untracked 
|  88|0x000000008be00000, 0x000000008be00000, 0x000000008bf00000|  0%| F|  |TAMS 0x000000008be00000| PB 0x000000008be00000| Untracked 
|  89|0x000000008bf00000, 0x000000008bf00000, 0x000000008c000000|  0%| F|  |TAMS 0x000000008bf00000| PB 0x000000008bf00000| Untracked 
|  90|0x000000008c000000, 0x000000008c000000, 0x000000008c100000|  0%| F|  |TAMS 0x000000008c000000| PB 0x000000008c000000| Untracked 
|  91|0x000000008c100000, 0x000000008c100000, 0x000000008c200000|  0%| F|  |TAMS 0x000000008c100000| PB 0x000000008c100000| Untracked 
|  92|0x000000008c200000, 0x000000008c200000, 0x000000008c300000|  0%| F|  |TAMS 0x000000008c200000| PB 0x000000008c200000| Untracked 
|  93|0x000000008c300000, 0x000000008c300000, 0x000000008c400000|  0%| F|  |TAMS 0x000000008c300000| PB 0x000000008c300000| Untracked 
|  94|0x000000008c400000, 0x000000008c400000, 0x000000008c500000|  0%| F|  |TAMS 0x000000008c400000| PB 0x000000008c400000| Untracked 
|  95|0x000000008c500000, 0x000000008c500000, 0x000000008c600000|  0%| F|  |TAMS 0x000000008c500000| PB 0x000000008c500000| Untracked 
|  96|0x000000008c600000, 0x000000008c600000, 0x000000008c700000|  0%| F|  |TAMS 0x000000008c600000| PB 0x000000008c600000| Untracked 
|  97|0x000000008c700000, 0x000000008c700000, 0x000000008c800000|  0%| F|  |TAMS 0x000000008c700000| PB 0x000000008c700000| Untracked 
|  98|0x000000008c800000, 0x000000008c800000, 0x000000008c900000|  0%| F|  |TAMS 0x000000008c800000| PB 0x000000008c800000| Untracked 
|  99|0x000000008c900000, 0x000000008c900000, 0x000000008ca00000|  0%| F|  |TAMS 0x000000008c900000| PB 0x000000008c900000| Untracked 
| 100|0x000000008ca00000, 0x000000008ca00000, 0x000000008cb00000|  0%| F|  |TAMS 0x000000008ca00000| PB 0x000000008ca00000| Untracked 
| 101|0x000000008cb00000, 0x000000008cb00000, 0x000000008cc00000|  0%| F|  |TAMS 0x000000008cb00000| PB 0x000000008cb00000| Untracked 
| 102|0x000000008cc00000, 0x000000008cc00000, 0x000000008cd00000|  0%| F|  |TAMS 0x000000008cc00000| PB 0x000000008cc00000| Untracked 
| 103|0x000000008cd00000, 0x000000008cd00000, 0x000000008ce00000|  0%| F|  |TAMS 0x000000008cd00000| PB 0x000000008cd00000| Untracked 
| 104|0x000000008ce00000, 0x000000008ce00000, 0x000000008cf00000|  0%| F|  |TAMS 0x000000008ce00000| PB 0x000000008ce00000| Untracked 
| 105|0x000000008cf00000, 0x000000008cf00000, 0x000000008d000000|  0%| F|  |TAMS 0x000000008cf00000| PB 0x000000008cf00000| Untracked 
| 106|0x000000008d000000, 0x000000008d000000, 0x000000008d100000|  0%| F|  |TAMS 0x000000008d000000| PB 0x000000008d000000| Untracked 
| 107|0x000000008d100000, 0x000000008d100000, 0x000000008d200000|  0%| F|  |TAMS 0x000000008d100000| PB 0x000000008d100000| Untracked 
| 108|0x000000008d200000, 0x000000008d200000, 0x000000008d300000|  0%| F|  |TAMS 0x000000008d200000| PB 0x000000008d200000| Untracked 
| 109|0x000000008d300000, 0x000000008d3e6880, 0x000000008d400000| 90%| E|  |TAMS 0x000000008d300000| PB 0x000000008d300000| Complete 
| 110|0x000000008d400000, 0x000000008d500000, 0x000000008d500000|100%| E|CS|TAMS 0x000000008d400000| PB 0x000000008d400000| Complete 
| 111|0x000000008d500000, 0x000000008d600000, 0x000000008d600000|100%| E|CS|TAMS 0x000000008d500000| PB 0x000000008d500000| Complete 
| 112|0x000000008d600000, 0x000000008d700000, 0x000000008d700000|100%| E|CS|TAMS 0x000000008d600000| PB 0x000000008d600000| Complete 
| 113|0x000000008d700000, 0x000000008d800000, 0x000000008d800000|100%| E|CS|TAMS 0x000000008d700000| PB 0x000000008d700000| Complete 
| 114|0x000000008d800000, 0x000000008d900000, 0x000000008d900000|100%| E|CS|TAMS 0x000000008d800000| PB 0x000000008d800000| Complete 
| 115|0x000000008d900000, 0x000000008da00000, 0x000000008da00000|100%| E|CS|TAMS 0x000000008d900000| PB 0x000000008d900000| Complete 
| 116|0x000000008da00000, 0x000000008db00000, 0x000000008db00000|100%| E|CS|TAMS 0x000000008da00000| PB 0x000000008da00000| Complete 
| 117|0x000000008db00000, 0x000000008dc00000, 0x000000008dc00000|100%| E|CS|TAMS 0x000000008db00000| PB 0x000000008db00000| Complete 
| 118|0x000000008dc00000, 0x000000008dd00000, 0x000000008dd00000|100%| E|CS|TAMS 0x000000008dc00000| PB 0x000000008dc00000| Complete 
| 119|0x000000008dd00000, 0x000000008de00000, 0x000000008de00000|100%| E|CS|TAMS 0x000000008dd00000| PB 0x000000008dd00000| Complete 
| 120|0x000000008de00000, 0x000000008df00000, 0x000000008df00000|100%| E|CS|TAMS 0x000000008de00000| PB 0x000000008de00000| Complete 
| 121|0x000000008df00000, 0x000000008e000000, 0x000000008e000000|100%| E|CS|TAMS 0x000000008df00000| PB 0x000000008df00000| Complete 

Card table byte_map: [0x000001fdcbc50000,0x000001fdcc020000] _byte_map_base: 0x000001fdcb81d000

Marking Bits: (CMBitMap*) 0x000001fdcde90090
 Bits: [0x000001fdcc020000, 0x000001fdcde88000)

Polling page: 0x000001fdb35e0000

Metaspace:

Usage:
  Non-class:     11.68 MB used.
      Class:      2.18 MB used.
       Both:     13.86 MB used.

Virtual space:
  Non-class space:       64.00 MB reserved,      11.81 MB ( 18%) committed,  1 nodes.
      Class space:        1.00 GB reserved,       2.31 MB ( <1%) committed,  1 nodes.
             Both:        1.06 GB reserved,      14.12 MB (  1%) committed. 

Chunk freelists:
   Non-Class:  2.83 MB
       Class:  13.72 MB
        Both:  16.55 MB

MaxMetaspaceSize: unlimited
CompressedClassSpaceSize: 1.00 GB
Initial GC threshold: 21.00 MB
Current GC threshold: 21.00 MB
CDS: on
 - commit_granule_bytes: 65536.
 - commit_granule_words: 8192.
 - virtual_space_node_default_size: 8388608.
 - enlarge_chunks_in_place: 1.
 - use_allocation_guard: 0.


Internal statistics:

num_allocs_failed_limit: 0.
num_arena_births: 228.
num_arena_deaths: 0.
num_vsnodes_births: 2.
num_vsnodes_deaths: 0.
num_space_committed: 226.
num_space_uncommitted: 0.
num_chunks_returned_to_freelist: 0.
num_chunks_taken_from_freelist: 742.
num_chunk_merges: 0.
num_chunk_splits: 509.
num_chunks_enlarged: 390.
num_inconsistent_stats: 0.

CodeHeap 'non-profiled nmethods': size=120000Kb used=951Kb max_used=951Kb free=119048Kb
 bounds [0x000001fdc4020000, 0x000001fdc4290000, 0x000001fdcb550000]
CodeHeap 'profiled nmethods': size=120000Kb used=4221Kb max_used=4221Kb free=115778Kb
 bounds [0x000001fdbc550000, 0x000001fdbc970000, 0x000001fdc3a80000]
CodeHeap 'non-nmethods': size=5760Kb used=1835Kb max_used=1848Kb free=3924Kb
 bounds [0x000001fdc3a80000, 0x000001fdc3cf0000, 0x000001fdc4020000]
CodeCache: size=245760Kb, used=7007Kb, max_used=7020Kb, free=238750Kb
 total_blobs=3234, nmethods=2441, adapters=696, full_count=0
Compilation: enabled, stopped_count=0, restarted_count=0

Compilation events (20 events):
Event: 4.866 Thread 0x000001fdd09d7e50 2434       3       com.sun.prism.impl.ps.BaseShaderContext::checkState (211 bytes)
Event: 4.868 Thread 0x000001fdd09d7e50 nmethod 2434 0x000001fdbc968690 code [0x000001fdbc9689a0, 0x000001fdbc969d10]
Event: 4.868 Thread 0x000001fdd09d7e50 2437       3       com.sun.javafx.sg.prism.NGGroup::needsBlending (15 bytes)
Event: 4.869 Thread 0x000001fdd09d7e50 nmethod 2437 0x000001fdbc96a410 code [0x000001fdbc96a5c0, 0x000001fdbc96a738]
Event: 4.869 Thread 0x000001fdd09d7e50 2436       3       com.sun.prism.impl.ps.BaseShaderContext::validatePaintOp (19 bytes)
Event: 4.869 Thread 0x000001fdd09d7e50 nmethod 2436 0x000001fdbc96a810 code [0x000001fdbc96a9c0, 0x000001fdbc96ab90]
Event: 4.869 Thread 0x000001fdd09d7e50 2438       3       com.sun.javafx.geom.RectBounds::getWidth (10 bytes)
Event: 4.869 Thread 0x000001fdd09d7e50 nmethod 2438 0x000001fdbc96ac90 code [0x000001fdbc96ae20, 0x000001fdbc96af38]
Event: 4.869 Thread 0x000001fdd09d7e50 2439       3       com.sun.javafx.geom.transform.Affine3D::setTransform (101 bytes)
Event: 4.870 Thread 0x000001fdd09d7e50 nmethod 2439 0x000001fdbc96b010 code [0x000001fdbc96b2a0, 0x000001fdbc96bdb0]
Event: 4.870 Thread 0x000001fdd09d7e50 2435       3       com.sun.prism.impl.VertexBuffer::setPerVertexColor (26 bytes)
Event: 4.870 Thread 0x000001fdd09d7e50 nmethod 2435 0x000001fdbc96bf90 code [0x000001fdbc96c160, 0x000001fdbc96c2a8]
Event: 4.870 Thread 0x000001fdd09d7e50 2440       3       com.sun.prism.d3d.D3DRTTexture::isMSAA (25 bytes)
Event: 4.871 Thread 0x000001fdd09d7e50 nmethod 2440 0x000001fdbc96c310 code [0x000001fdbc96c500, 0x000001fdbc96ca58]
Event: 4.871 Thread 0x000001fdd09d7e50 2441       1       com.sun.scenario.effect.impl.EffectPeer::getRenderState (5 bytes)
Event: 4.871 Thread 0x000001fdd09d7e50 nmethod 2441 0x000001fdc410da10 code [0x000001fdc410dba0, 0x000001fdc410dc68]
Event: 4.872 Thread 0x000001fdd09d7e50 2442       3       com.sun.javafx.geom.RectBounds::setBoundsAndSort (14 bytes)
Event: 4.872 Thread 0x000001fdd09d7e50 nmethod 2442 0x000001fdbc96cc10 code [0x000001fdbc96cdc0, 0x000001fdbc96cf68]
Event: 4.872 Thread 0x000001fdd09d7e50 2443       3       com.sun.javafx.geom.RectBounds::sortMinMax (61 bytes)
Event: 4.872 Thread 0x000001fdd09d7e50 nmethod 2443 0x000001fdbc96d090 code [0x000001fdbc96d220, 0x000001fdbc96d3f8]

GC Heap History (4 events):
Event: 1.071 GC heap before
{Heap before GC invocations=0 (full 0):
 garbage-first heap   total 124928K, used 22528K [0x0000000086600000, 0x0000000100000000)
  region size 1024K, 23 young (23552K), 0 survivors (0K)
 Metaspace       used 4264K, committed 4480K, reserved 1114112K
  class space    used 498K, committed 576K, reserved 1048576K
}
Event: 1.074 GC heap after
{Heap after GC invocations=1 (full 0):
 garbage-first heap   total 124928K, used 3126K [0x0000000086600000, 0x0000000100000000)
  region size 1024K, 3 young (3072K), 3 survivors (3072K)
 Metaspace       used 4264K, committed 4480K, reserved 1114112K
  class space    used 498K, committed 576K, reserved 1048576K
}
Event: 1.688 GC heap before
{Heap before GC invocations=1 (full 0):
 garbage-first heap   total 124928K, used 36918K [0x0000000086600000, 0x0000000100000000)
  region size 1024K, 37 young (37888K), 3 survivors (3072K)
 Metaspace       used 11433K, committed 11648K, reserved 1114112K
  class space    used 1884K, committed 1984K, reserved 1048576K
}
Event: 1.696 GC heap after
{Heap after GC invocations=2 (full 0):
 garbage-first heap   total 124928K, used 5831K [0x0000000086600000, 0x0000000100000000)
  region size 1024K, 3 young (3072K), 3 survivors (3072K)
 Metaspace       used 11433K, committed 11648K, reserved 1114112K
  class space    used 1884K, committed 1984K, reserved 1048576K
}

Dll operation events (20 events):
Event: 0.582 Loaded shared library C:\Users\CHRISCOM\.openjfx\cache\21.0.2+5\amd64\api-ms-win-crt-locale-l1-1-0.dll
Event: 0.588 Loaded shared library C:\Users\CHRISCOM\.openjfx\cache\21.0.2+5\amd64\api-ms-win-crt-math-l1-1-0.dll
Event: 0.593 Loaded shared library C:\Users\CHRISCOM\.openjfx\cache\21.0.2+5\amd64\api-ms-win-crt-multibyte-l1-1-0.dll
Event: 0.598 Loaded shared library C:\Users\CHRISCOM\.openjfx\cache\21.0.2+5\amd64\api-ms-win-crt-private-l1-1-0.dll
Event: 0.604 Loaded shared library C:\Users\CHRISCOM\.openjfx\cache\21.0.2+5\amd64\api-ms-win-crt-process-l1-1-0.dll
Event: 0.610 Loaded shared library C:\Users\CHRISCOM\.openjfx\cache\21.0.2+5\amd64\api-ms-win-crt-runtime-l1-1-0.dll
Event: 0.617 Loaded shared library C:\Users\CHRISCOM\.openjfx\cache\21.0.2+5\amd64\api-ms-win-crt-stdio-l1-1-0.dll
Event: 0.622 Loaded shared library C:\Users\CHRISCOM\.openjfx\cache\21.0.2+5\amd64\api-ms-win-crt-string-l1-1-0.dll
Event: 0.628 Loaded shared library C:\Users\CHRISCOM\.openjfx\cache\21.0.2+5\amd64\api-ms-win-crt-time-l1-1-0.dll
Event: 0.632 Loaded shared library C:\Users\CHRISCOM\.openjfx\cache\21.0.2+5\amd64\api-ms-win-crt-utility-l1-1-0.dll
Event: 0.653 Loaded shared library C:\Users\CHRISCOM\.openjfx\cache\21.0.2+5\amd64\ucrtbase.dll
Event: 0.661 Loaded shared library C:\Users\CHRISCOM\.openjfx\cache\21.0.2+5\amd64\vcruntime140.dll
Event: 0.666 Loaded shared library C:\Users\CHRISCOM\.openjfx\cache\21.0.2+5\amd64\vcruntime140_1.dll
Event: 0.683 Loaded shared library C:\Users\CHRISCOM\.openjfx\cache\21.0.2+5\amd64\msvcp140.dll
Event: 0.691 Loaded shared library C:\Users\CHRISCOM\.openjfx\cache\21.0.2+5\amd64\msvcp140_1.dll
Event: 0.704 Loaded shared library C:\Users\CHRISCOM\.openjfx\cache\21.0.2+5\amd64\msvcp140_2.dll
Event: 0.783 Loaded shared library C:\Users\CHRISCOM\.openjfx\cache\21.0.2+5\amd64\prism_d3d.dll
Event: 0.886 Loaded shared library C:\Users\CHRISCOM\.openjfx\cache\21.0.2+5\amd64\glass.dll
Event: 1.165 Loaded shared library C:\Users\CHRISCOM\.openjfx\cache\21.0.2+5\amd64\javafx_font.dll
Event: 1.319 Loaded shared library C:\Program Files\Microsoft\jdk-21.0.11.10-hotspot\bin\jimage.dll

Deoptimization events (20 events):
Event: 2.773 Thread 0x000001fe167b7940 DEOPT PACKING pc=0x000001fdbc8a8996 sp=0x0000006af03fd3e0
Event: 2.773 Thread 0x000001fe167b7940 DEOPT UNPACKING pc=0x000001fdc3ad86e2 sp=0x0000006af03fc848 mode 0
Event: 2.774 Thread 0x000001fe167b7940 DEOPT PACKING pc=0x000001fdbc8a8996 sp=0x0000006af03fd3e0
Event: 2.774 Thread 0x000001fe167b7940 DEOPT UNPACKING pc=0x000001fdc3ad86e2 sp=0x0000006af03fc848 mode 0
Event: 2.775 Thread 0x000001fe167b7940 DEOPT PACKING pc=0x000001fdbc8a8996 sp=0x0000006af03fd3e0
Event: 2.775 Thread 0x000001fe167b7940 DEOPT UNPACKING pc=0x000001fdc3ad86e2 sp=0x0000006af03fc848 mode 0
Event: 2.775 Thread 0x000001fe167b7940 DEOPT PACKING pc=0x000001fdbc8a8996 sp=0x0000006af03fd3e0
Event: 2.775 Thread 0x000001fe167b7940 DEOPT UNPACKING pc=0x000001fdc3ad86e2 sp=0x0000006af03fc848 mode 0
Event: 2.775 Thread 0x000001fe167b7940 DEOPT PACKING pc=0x000001fdbc8a8996 sp=0x0000006af03fd3e0
Event: 2.775 Thread 0x000001fe167b7940 DEOPT UNPACKING pc=0x000001fdc3ad86e2 sp=0x0000006af03fc848 mode 0
Event: 2.778 Thread 0x000001fe167b7940 DEOPT PACKING pc=0x000001fdbc8a8996 sp=0x0000006af03fd100
Event: 2.778 Thread 0x000001fe167b7940 DEOPT UNPACKING pc=0x000001fdc3ad86e2 sp=0x0000006af03fc568 mode 0
Event: 2.778 Thread 0x000001fe167b7940 DEOPT PACKING pc=0x000001fdbc8a8996 sp=0x0000006af03fd100
Event: 2.778 Thread 0x000001fe167b7940 DEOPT UNPACKING pc=0x000001fdc3ad86e2 sp=0x0000006af03fc568 mode 0
Event: 2.779 Thread 0x000001fe167b7940 DEOPT PACKING pc=0x000001fdbc8a8996 sp=0x0000006af03fd100
Event: 2.779 Thread 0x000001fe167b7940 DEOPT UNPACKING pc=0x000001fdc3ad86e2 sp=0x0000006af03fc568 mode 0
Event: 2.867 Thread 0x000001fe167b7940 DEOPT PACKING pc=0x000001fdbc8b6cb8 sp=0x0000006af03fd3e0
Event: 2.867 Thread 0x000001fe167b7940 DEOPT UNPACKING pc=0x000001fdc3ad86e2 sp=0x0000006af03fc7a8 mode 0
Event: 3.359 Thread 0x000001fe167b7940 DEOPT PACKING pc=0x000001fdbc8b5cc3 sp=0x0000006af03fd530
Event: 3.359 Thread 0x000001fe167b7940 DEOPT UNPACKING pc=0x000001fdc3ad86e2 sp=0x0000006af03fc9e0 mode 0

Classes loaded (20 events):
Event: 2.051 Loading class java/nio/FloatBuffer
Event: 2.052 Loading class java/nio/FloatBuffer done
Event: 2.052 Loading class java/nio/DoubleBuffer
Event: 2.052 Loading class java/nio/DoubleBuffer done
Event: 2.053 Loading class java/nio/DirectFloatBufferU
Event: 2.054 Loading class java/nio/DirectFloatBufferU done
Event: 2.250 Loading class jdk/internal/ref/CleanerImpl$InnocuousThreadFactory
Event: 2.251 Loading class jdk/internal/ref/CleanerImpl$InnocuousThreadFactory done
Event: 2.258 Loading class sun/misc/Unsafe
Event: 2.258 Loading class sun/misc/Unsafe done
Event: 2.258 Loading class java/lang/invoke/DirectMethodHandle$StaticAccessor
Event: 2.258 Loading class java/lang/invoke/DirectMethodHandle$StaticAccessor done
Event: 2.345 Loading class java/lang/FdLibm$Atan2
Event: 2.345 Loading class java/lang/FdLibm$Atan2 done
Event: 2.797 Loading class java/util/EnumMap$Values
Event: 2.797 Loading class java/util/EnumMap$Values done
Event: 2.797 Loading class java/util/EnumMap$ValueIterator
Event: 2.797 Loading class java/util/EnumMap$EnumMapIterator
Event: 2.797 Loading class java/util/EnumMap$EnumMapIterator done
Event: 2.797 Loading class java/util/EnumMap$ValueIterator done

Classes unloaded (0 events):
No events

Classes redefined (0 events):
No events

Internal exceptions (20 events):
Event: 1.378 Thread 0x000001fe16a6a1a0 Implicit null exception at 0x000001fdc40454bd to 0x000001fdc4045541
Event: 1.464 Thread 0x000001fe16a6a1a0 Exception <a 'java/io/FileNotFoundException'{0x000000008c4c1998}> (0x000000008c4c1998) 
thrown [s\src\hotspot\share\prims\jni.cpp, line 520]
Event: 1.544 Thread 0x000001fe16a6a1a0 Exception <a 'java/lang/NoSuchMethodError'{0x000000008c0cc0d0}: 'java.lang.Object java.lang.invoke.DirectMethodHandle$Holder.invokeInterface(java.lang.Object, java.lang.Object, java.lang.Object)'> (0x000000008c0cc0d0) 
thrown [s\src\hotspot\share\interpreter\linkResolver.cpp, line 773]
Event: 1.545 Thread 0x000001fe16a6a1a0 Exception <a 'java/lang/IncompatibleClassChangeError'{0x000000008c0cf798}: Found class java.lang.Object, but interface was expected> (0x000000008c0cf798) 
thrown [s\src\hotspot\share\interpreter\linkResolver.cpp, line 840]
Event: 1.618 Thread 0x000001fe16a6a1a0 Exception <a 'java/lang/ClassNotFoundException'{0x000000008bdd3ac0}: com/sun/javafx/scene/control/skin/resources/controls> (0x000000008bdd3ac0) 
thrown [s\src\hotspot\share\prims\jni.cpp, line 539]
Event: 1.620 Thread 0x000001fe16a6a1a0 Exception <a 'java/lang/ClassNotFoundException'{0x000000008bde1cc0}: com/sun/javafx/scene/control/skin/resources/controls_en> (0x000000008bde1cc0) 
thrown [s\src\hotspot\share\prims\jni.cpp, line 539]
Event: 1.621 Thread 0x000001fe16a6a1a0 Exception <a 'java/lang/ClassNotFoundException'{0x000000008bde35f8}: com/sun/javafx/scene/control/skin/resources/controls_en_US> (0x000000008bde35f8) 
thrown [s\src\hotspot\share\prims\jni.cpp, line 539]
Event: 1.683 Thread 0x000001fe16a6a1a0 Exception <a 'java/lang/NoSuchMethodError'{0x000000008bbc1710}: 'void java.lang.invoke.DirectMethodHandle$Holder.invokeSpecial(java.lang.Object, java.lang.Object, java.lang.Object, java.lang.Object, java.lang.Object, java.lang.Object)'> (0x000000008bbc1710) 
thrown [s\src\hotspot\share\interpreter\linkResolver.cpp, line 773]
Event: 1.770 Thread 0x000001fe16a6a1a0 Exception <a 'java/lang/NoSuchMethodError'{0x000000008dc3b6e8}: 'int java.lang.invoke.DirectMethodHandle$Holder.invokeSpecial(java.lang.Object, java.lang.Object, int)'> (0x000000008dc3b6e8) 
thrown [s\src\hotspot\share\interpreter\linkResolver.cpp, line 773]
Event: 1.771 Thread 0x000001fe16a6a1a0 Exception <a 'java/lang/NoSuchMethodError'{0x000000008dc43128}: 'int java.lang.invoke.DirectMethodHandle$Holder.invokeSpecial(java.lang.Object, java.lang.Object, java.lang.Object, int)'> (0x000000008dc43128) 
thrown [s\src\hotspot\share\interpreter\linkResolver.cpp, line 773]
Event: 1.772 Thread 0x000001fe16a6a1a0 Exception <a 'java/lang/NoSuchMethodError'{0x000000008dc55910}: 'java.lang.Object java.lang.invoke.DirectMethodHandle$Holder.invokeStatic(java.lang.Object, java.lang.Object, java.lang.Object, java.lang.Object, int)'> (0x000000008dc55910) 
thrown [s\src\hotspot\share\interpreter\linkResolver.cpp, line 773]
Event: 1.773 Thread 0x000001fe16a6a1a0 Exception <a 'java/lang/NoSuchMethodError'{0x000000008dc5e2e8}: 'int java.lang.invoke.DirectMethodHandle$Holder.invokeSpecial(java.lang.Object, java.lang.Object, java.lang.Object)'> (0x000000008dc5e2e8) 
thrown [s\src\hotspot\share\interpreter\linkResolver.cpp, line 773]
Event: 1.803 Thread 0x000001fe16a6a1a0 Exception <a 'java/lang/NoSuchMethodError'{0x000000008db50800}: 'java.lang.Object java.lang.invoke.DirectMethodHandle$Holder.newInvokeSpecial(java.lang.Object, java.lang.Object, int)'> (0x000000008db50800) 
thrown [s\src\hotspot\share\interpreter\linkResolver.cpp, line 773]
Event: 1.882 Thread 0x000001fe167b7940 Exception <a 'java/lang/NoSuchMethodError'{0x000000008d91e508}: 'int java.lang.invoke.DirectMethodHandle$Holder.invokeStaticInit(java.lang.Object, java.lang.Object)'> (0x000000008d91e508) 
thrown [s\src\hotspot\share\interpreter\linkResolver.cpp, line 773]
Event: 1.889 Thread 0x000001fe16a6a1a0 Exception <a 'java/lang/NoSuchMethodError'{0x000000008dac7378}: 'long java.lang.invoke.DirectMethodHandle$Holder.invokeStatic(java.lang.Object, java.lang.Object, java.lang.Object)'> (0x000000008dac7378) 
thrown [s\src\hotspot\share\interpreter\linkResolver.cpp, line 773]
Event: 1.890 Thread 0x000001fe16a6a1a0 Exception <a 'java/lang/NoSuchMethodError'{0x000000008daca788}: 'long java.lang.invoke.DirectMethodHandle$Holder.invokeStaticInit(java.lang.Object, java.lang.Object, java.lang.Object)'> (0x000000008daca788) 
thrown [s\src\hotspot\share\interpreter\linkResolver.cpp, line 773]
Event: 1.896 Thread 0x000001fe16a6a1a0 Exception <a 'java/lang/NoSuchMethodError'{0x000000008dadf3b8}: 'java.lang.Object java.lang.invoke.DirectMethodHandle$Holder.newInvokeSpecial(java.lang.Object, java.lang.Object, long)'> (0x000000008dadf3b8) 
thrown [s\src\hotspot\share\interpreter\linkResolver.cpp, line 773]
Event: 1.897 Thread 0x000001fe16a6a1a0 Exception <a 'java/lang/NoSuchMethodError'{0x000000008dae2cd0}: 'java.lang.Object java.lang.invoke.Invokers$Holder.linkToTargetMethod(java.lang.Object, long, java.lang.Object)'> (0x000000008dae2cd0) 
thrown [s\src\hotspot\share\interpreter\linkResolver.cpp, line 773]
Event: 1.913 Thread 0x000001fe167b7940 Exception <a 'java/lang/NoSuchMethodError'{0x000000008d8215f8}: 'java.lang.Object java.lang.invoke.Invokers$Holder.invokeExact_MT(java.lang.Object, java.lang.Object, java.lang.Object, java.lang.Object, java.lang.Object)'> (0x000000008d8215f8) 
thrown [s\src\hotspot\share\interpreter\linkResolver.cpp, line 773]
Event: 2.177 Thread 0x000001fe167b7940 Exception <a 'java/lang/NoSuchMethodError'{0x000000008d8bd438}: 'java.lang.Object java.lang.invoke.DirectMethodHandle$Holder.invokeStaticInit(java.lang.Object, int)'> (0x000000008d8bd438) 
thrown [s\src\hotspot\share\interpreter\linkResolver.cpp, line 773]

ZGC Phase Switch (0 events):
No events

VM Operations (20 events):
Event: 0.139 Executing non-safepoint VM operation: HandshakeAllThreads (Deoptimize)
Event: 0.139 Executing non-safepoint VM operation: HandshakeAllThreads (Deoptimize) done
Event: 0.874 Executing non-safepoint VM operation: HandshakeAllThreads (Deoptimize)
Event: 0.874 Executing non-safepoint VM operation: HandshakeAllThreads (Deoptimize) done
Event: 1.071 Executing safepoint VM operation: G1CollectForAllocation (G1 Evacuation Pause)
Event: 1.074 Executing safepoint VM operation: G1CollectForAllocation (G1 Evacuation Pause) done
Event: 1.175 Executing non-safepoint VM operation: HandshakeAllThreads (Deoptimize)
Event: 1.175 Executing non-safepoint VM operation: HandshakeAllThreads (Deoptimize) done
Event: 1.326 Executing non-safepoint VM operation: HandshakeAllThreads (Deoptimize)
Event: 1.326 Executing non-safepoint VM operation: HandshakeAllThreads (Deoptimize) done
Event: 1.476 Executing safepoint VM operation: ICBufferFull
Event: 1.476 Executing safepoint VM operation: ICBufferFull done
Event: 1.688 Executing safepoint VM operation: G1CollectForAllocation (G1 Evacuation Pause)
Event: 1.696 Executing safepoint VM operation: G1CollectForAllocation (G1 Evacuation Pause) done
Event: 1.714 Executing non-safepoint VM operation: HandshakeAllThreads (Deoptimize)
Event: 1.714 Executing non-safepoint VM operation: HandshakeAllThreads (Deoptimize) done
Event: 2.715 Executing safepoint VM operation: Cleanup
Event: 2.716 Executing safepoint VM operation: Cleanup done
Event: 4.715 Executing safepoint VM operation: Cleanup
Event: 4.716 Executing safepoint VM operation: Cleanup done

Memory protections (0 events):
No events

Nmethod flushes (0 events):
No events

Events (20 events):
Event: 0.022 Thread 0x000001fdb3e7f730 Thread added: 0x000001fdb3e7f730
Event: 0.035 Thread 0x000001fdb3e7f730 Thread added: 0x000001fdce08ab60
Event: 0.036 Thread 0x000001fdb3e7f730 Thread added: 0x000001fdce08d840
Event: 0.036 Thread 0x000001fdb3e7f730 Thread added: 0x000001fdd09a6410
Event: 0.036 Thread 0x000001fdb3e7f730 Thread added: 0x000001fdd09aaf80
Event: 0.036 Thread 0x000001fdb3e7f730 Thread added: 0x000001fdd09b3af0
Event: 0.036 Thread 0x000001fdb3e7f730 Thread added: 0x000001fdd09b6640
Event: 0.036 Thread 0x000001fdb3e7f730 Thread added: 0x000001fdd09d52c0
Event: 0.036 Thread 0x000001fdb3e7f730 Thread added: 0x000001fdd09d7e50
Event: 0.064 Thread 0x000001fdb3e7f730 Thread added: 0x000001fdd0b52240
Event: 0.108 Thread 0x000001fdd09d7e50 Thread added: 0x000001fe160aa470
Event: 0.155 Thread 0x000001fdb3e7f730 Thread added: 0x000001fe162fccb0
Event: 0.764 Thread 0x000001fdb3e7f730 Thread added: 0x000001fe167b7940
Event: 0.888 Thread 0x000001fdb3e7f730 Thread added: 0x000001fe16a5e7f0
Event: 0.891 Thread 0x000001fdb3e7f730 Thread added: 0x000001fe16a6a1a0
Event: 1.030 Thread 0x000001fdb3e7f730 Thread added: 0x000001fe16fe73b0
Event: 1.037 Thread 0x000001fe170669a0 Thread added: 0x000001fe170669a0
Event: 1.537 Thread 0x000001fe16a6a1a0 Thread added: 0x000001fe174ec630
Event: 1.881 Thread 0x000001fe160aa470 Thread exited: 0x000001fe160aa470
Event: 2.251 Thread 0x000001fe167b7940 Thread added: 0x000001fe174e88e0


Dynamic libraries:
0x00007ff79aaa0000 - 0x00007ff79aaae000 	C:\Program Files\Microsoft\jdk-21.0.11.10-hotspot\bin\java.exe
0x00007ffc112c0000 - 0x00007ffc114c7000 	C:\Windows\SYSTEM32\ntdll.dll
0x00007ffc0f800000 - 0x00007ffc0f8bd000 	C:\Windows\System32\KERNEL32.DLL
0x00007ffc0e7e0000 - 0x00007ffc0eb52000 	C:\Windows\System32\KERNELBASE.dll
0x00007ffc0bdc0000 - 0x00007ffc0be52000 	C:\Windows\SYSTEM32\apphelp.dll
0x00007ffbaca50000 - 0x00007ffbaceec000 	C:\Windows\SYSTEM32\AcLayers.DLL
0x00007ffc0fb00000 - 0x00007ffc0fba3000 	C:\Windows\System32\msvcrt.dll
0x00007ffc0fda0000 - 0x00007ffc0fdfd000 	C:\Windows\System32\SHLWAPI.dll
0x00007ffbff110000 - 0x00007ffbff121000 	C:\Windows\SYSTEM32\SortWindows61.dll
0x00007ffc0ee90000 - 0x00007ffc0efa1000 	C:\Windows\System32\ucrtbase.dll
0x00007ffbf44d0000 - 0x00007ffbf44ee000 	C:\Program Files\Microsoft\jdk-21.0.11.10-hotspot\bin\VCRUNTIME140.dll
0x00007ffc01440000 - 0x00007ffc01458000 	C:\Program Files\Microsoft\jdk-21.0.11.10-hotspot\bin\jli.dll
0x00007ffc10930000 - 0x00007ffc10adc000 	C:\Windows\System32\USER32.dll
0x00007ffc0ec80000 - 0x00007ffc0eca6000 	C:\Windows\System32\win32u.dll
0x00007ffbf52e0000 - 0x00007ffbf5585000 	C:\Windows\WinSxS\amd64_microsoft.windows.common-controls_6595b64144ccf1df_6.0.21996.1_none_7d6b053978bcd706\COMCTL32.dll
0x00007ffc0f980000 - 0x00007ffc0f9a9000 	C:\Windows\System32\GDI32.dll
0x00007ffc0eb60000 - 0x00007ffc0ec72000 	C:\Windows\System32\gdi32full.dll
0x00007ffc0f0f0000 - 0x00007ffc0f18d000 	C:\Windows\System32\msvcp_win.dll
0x00007ffc10e10000 - 0x00007ffc10e41000 	C:\Windows\System32\IMM32.DLL
0x00007ffc01ce0000 - 0x00007ffc01cec000 	C:\Program Files\Microsoft\jdk-21.0.11.10-hotspot\bin\vcruntime140_1.dll
0x00007ffbd47f0000 - 0x00007ffbd4879000 	C:\Program Files\Microsoft\jdk-21.0.11.10-hotspot\bin\msvcp140.dll
0x00007ffb86fb0000 - 0x00007ffb87d5e000 	C:\Program Files\Microsoft\jdk-21.0.11.10-hotspot\bin\server\jvm.dll
0x00007ffc10600000 - 0x00007ffc106ac000 	C:\Windows\System32\ADVAPI32.dll
0x00007ffc0f8e0000 - 0x00007ffc0f97d000 	C:\Windows\System32\sechost.dll
0x00007ffc10cd0000 - 0x00007ffc10df1000 	C:\Windows\System32\RPCRT4.dll
0x00007ffc108c0000 - 0x00007ffc1092f000 	C:\Windows\System32\WS2_32.dll
0x00007ffc0e600000 - 0x00007ffc0e64d000 	C:\Windows\SYSTEM32\POWRPROF.dll
0x00007ffbfab60000 - 0x00007ffbfab6a000 	C:\Windows\SYSTEM32\VERSION.dll
0x00007ffc08110000 - 0x00007ffc08143000 	C:\Windows\SYSTEM32\WINMM.dll
0x00007ffc0e4f0000 - 0x00007ffc0e503000 	C:\Windows\SYSTEM32\UMPDC.dll
0x00007ffc0d910000 - 0x00007ffc0d927000 	C:\Windows\SYSTEM32\kernel.appcore.dll
0x00007ffc011c0000 - 0x00007ffc011ca000 	C:\Program Files\Microsoft\jdk-21.0.11.10-hotspot\bin\jimage.dll
0x00007ffc00ad0000 - 0x00007ffc00cf1000 	C:\Windows\SYSTEM32\DBGHELP.DLL
0x00007ffbfad80000 - 0x00007ffbfadb1000 	C:\Windows\SYSTEM32\dbgcore.DLL
0x00007ffc0efb0000 - 0x00007ffc0f030000 	C:\Windows\System32\bcryptPrimitives.dll
0x00007ffbe08d0000 - 0x00007ffbe08f1000 	C:\Program Files\Microsoft\jdk-21.0.11.10-hotspot\bin\java.dll
0x00007ffc0fe00000 - 0x00007ffc10569000 	C:\Windows\System32\SHELL32.dll
0x00007ffc0c9a0000 - 0x00007ffc0d1f8000 	C:\Windows\SYSTEM32\windows.storage.dll
0x00007ffc10f00000 - 0x00007ffc11275000 	C:\Windows\System32\combase.dll
0x00007ffc0c830000 - 0x00007ffc0c996000 	C:\Windows\SYSTEM32\wintypes.dll
0x00007ffc0fbc0000 - 0x00007ffc0fcaa000 	C:\Windows\System32\SHCORE.dll
0x00007ffc0e710000 - 0x00007ffc0e731000 	C:\Windows\SYSTEM32\profapi.dll
0x00007ffbe02a0000 - 0x00007ffbe0376000 	C:\Program Files\Microsoft\jdk-21.0.11.10-hotspot\bin\jsvml.dll
0x00007ffbf0d70000 - 0x00007ffbf0d81000 	C:\Program Files\Microsoft\jdk-21.0.11.10-hotspot\bin\net.dll
0x00007ffc09dd0000 - 0x00007ffc09edc000 	C:\Windows\SYSTEM32\WINHTTP.dll
0x00007ffc0dd20000 - 0x00007ffc0dd87000 	C:\Windows\system32\mswsock.dll
0x00007ffbe84a0000 - 0x00007ffbe84b6000 	C:\Program Files\Microsoft\jdk-21.0.11.10-hotspot\bin\nio.dll
0x00007ffbe8380000 - 0x00007ffbe8398000 	C:\Program Files\Microsoft\jdk-21.0.11.10-hotspot\bin\zip.dll
0x000001fdd0d40000 - 0x000001fdd0d43000 	C:\Users\CHRISCOM\.openjfx\cache\21.0.2+5\amd64\api-ms-win-core-console-l1-1-0.dll
0x000001fdd0d50000 - 0x000001fdd0d53000 	C:\Users\CHRISCOM\.openjfx\cache\21.0.2+5\amd64\api-ms-win-core-console-l1-2-0.dll
0x000001fdd0d60000 - 0x000001fdd0d63000 	C:\Users\CHRISCOM\.openjfx\cache\21.0.2+5\amd64\api-ms-win-core-datetime-l1-1-0.dll
0x000001fdd0d70000 - 0x000001fdd0d73000 	C:\Users\CHRISCOM\.openjfx\cache\21.0.2+5\amd64\api-ms-win-core-debug-l1-1-0.dll
0x000001fdd0d80000 - 0x000001fdd0d83000 	C:\Users\CHRISCOM\.openjfx\cache\21.0.2+5\amd64\api-ms-win-core-errorhandling-l1-1-0.dll
0x000001fdd0d90000 - 0x000001fdd0d94000 	C:\Users\CHRISCOM\.openjfx\cache\21.0.2+5\amd64\api-ms-win-core-file-l1-1-0.dll
0x000001fdd0da0000 - 0x000001fdd0da3000 	C:\Users\CHRISCOM\.openjfx\cache\21.0.2+5\amd64\api-ms-win-core-file-l1-2-0.dll
0x000001fdd0db0000 - 0x000001fdd0db3000 	C:\Users\CHRISCOM\.openjfx\cache\21.0.2+5\amd64\api-ms-win-core-file-l2-1-0.dll
0x000001fdd0dc0000 - 0x000001fdd0dc3000 	C:\Users\CHRISCOM\.openjfx\cache\21.0.2+5\amd64\api-ms-win-core-handle-l1-1-0.dll
0x000001fdd0dd0000 - 0x000001fdd0dd3000 	C:\Users\CHRISCOM\.openjfx\cache\21.0.2+5\amd64\api-ms-win-core-heap-l1-1-0.dll
0x000001fdd0de0000 - 0x000001fdd0de3000 	C:\Users\CHRISCOM\.openjfx\cache\21.0.2+5\amd64\api-ms-win-core-interlocked-l1-1-0.dll
0x000001fdd0df0000 - 0x000001fdd0df3000 	C:\Users\CHRISCOM\.openjfx\cache\21.0.2+5\amd64\api-ms-win-core-libraryloader-l1-1-0.dll
0x000001fdd0e00000 - 0x000001fdd0e03000 	C:\Users\CHRISCOM\.openjfx\cache\21.0.2+5\amd64\api-ms-win-core-localization-l1-2-0.dll
0x000001fdd0e10000 - 0x000001fdd0e13000 	C:\Users\CHRISCOM\.openjfx\cache\21.0.2+5\amd64\api-ms-win-core-memory-l1-1-0.dll
0x000001fdd0e20000 - 0x000001fdd0e23000 	C:\Users\CHRISCOM\.openjfx\cache\21.0.2+5\amd64\api-ms-win-core-namedpipe-l1-1-0.dll
0x000001fdd0e30000 - 0x000001fdd0e33000 	C:\Users\CHRISCOM\.openjfx\cache\21.0.2+5\amd64\api-ms-win-core-processenvironment-l1-1-0.dll
0x000001fdd0e40000 - 0x000001fdd0e43000 	C:\Users\CHRISCOM\.openjfx\cache\21.0.2+5\amd64\api-ms-win-core-processthreads-l1-1-0.dll
0x000001fdd0e50000 - 0x000001fdd0e53000 	C:\Users\CHRISCOM\.openjfx\cache\21.0.2+5\amd64\api-ms-win-core-processthreads-l1-1-1.dll
0x000001fdd0e60000 - 0x000001fdd0e63000 	C:\Users\CHRISCOM\.openjfx\cache\21.0.2+5\amd64\api-ms-win-core-profile-l1-1-0.dll
0x000001fdd0e70000 - 0x000001fdd0e73000 	C:\Users\CHRISCOM\.openjfx\cache\21.0.2+5\amd64\api-ms-win-core-rtlsupport-l1-1-0.dll
0x000001fdd0e80000 - 0x000001fdd0e83000 	C:\Users\CHRISCOM\.openjfx\cache\21.0.2+5\amd64\api-ms-win-core-string-l1-1-0.dll
0x000001fdd0e90000 - 0x000001fdd0e93000 	C:\Users\CHRISCOM\.openjfx\cache\21.0.2+5\amd64\api-ms-win-core-synch-l1-1-0.dll
0x000001fdd0ea0000 - 0x000001fdd0ea3000 	C:\Users\CHRISCOM\.openjfx\cache\21.0.2+5\amd64\api-ms-win-core-synch-l1-2-0.dll
0x000001fdd0eb0000 - 0x000001fdd0eb3000 	C:\Users\CHRISCOM\.openjfx\cache\21.0.2+5\amd64\api-ms-win-core-sysinfo-l1-1-0.dll
0x000001fdd0ec0000 - 0x000001fdd0ec3000 	C:\Users\CHRISCOM\.openjfx\cache\21.0.2+5\amd64\api-ms-win-core-timezone-l1-1-0.dll
0x000001fdd0ed0000 - 0x000001fdd0ed3000 	C:\Users\CHRISCOM\.openjfx\cache\21.0.2+5\amd64\api-ms-win-core-util-l1-1-0.dll
0x000001fdd0ee0000 - 0x000001fdd0ee3000 	C:\Users\CHRISCOM\.openjfx\cache\21.0.2+5\amd64\api-ms-win-crt-conio-l1-1-0.dll
0x000001fdd0ef0000 - 0x000001fdd0ef4000 	C:\Users\CHRISCOM\.openjfx\cache\21.0.2+5\amd64\api-ms-win-crt-convert-l1-1-0.dll
0x000001fdd0f00000 - 0x000001fdd0f03000 	C:\Users\CHRISCOM\.openjfx\cache\21.0.2+5\amd64\api-ms-win-crt-environment-l1-1-0.dll
0x000001fdd0f10000 - 0x000001fdd0f13000 	C:\Users\CHRISCOM\.openjfx\cache\21.0.2+5\amd64\api-ms-win-crt-filesystem-l1-1-0.dll
0x000001fdd0f20000 - 0x000001fdd0f23000 	C:\Users\CHRISCOM\.openjfx\cache\21.0.2+5\amd64\api-ms-win-crt-heap-l1-1-0.dll
0x000001fdd0f30000 - 0x000001fdd0f33000 	C:\Users\CHRISCOM\.openjfx\cache\21.0.2+5\amd64\api-ms-win-crt-locale-l1-1-0.dll
0x000001fdd0f40000 - 0x000001fdd0f45000 	C:\Users\CHRISCOM\.openjfx\cache\21.0.2+5\amd64\api-ms-win-crt-math-l1-1-0.dll
0x000001fdd0f50000 - 0x000001fdd0f55000 	C:\Users\CHRISCOM\.openjfx\cache\21.0.2+5\amd64\api-ms-win-crt-multibyte-l1-1-0.dll
0x000001fdd0f60000 - 0x000001fdd0f70000 	C:\Users\CHRISCOM\.openjfx\cache\21.0.2+5\amd64\api-ms-win-crt-private-l1-1-0.dll
0x000001fdd0f70000 - 0x000001fdd0f73000 	C:\Users\CHRISCOM\.openjfx\cache\21.0.2+5\amd64\api-ms-win-crt-process-l1-1-0.dll
0x000001fdd0f80000 - 0x000001fdd0f84000 	C:\Users\CHRISCOM\.openjfx\cache\21.0.2+5\amd64\api-ms-win-crt-runtime-l1-1-0.dll
0x000001fdd0f90000 - 0x000001fdd0f94000 	C:\Users\CHRISCOM\.openjfx\cache\21.0.2+5\amd64\api-ms-win-crt-stdio-l1-1-0.dll
0x000001fdd0fa0000 - 0x000001fdd0fa4000 	C:\Users\CHRISCOM\.openjfx\cache\21.0.2+5\amd64\api-ms-win-crt-string-l1-1-0.dll
0x000001fdd0fb0000 - 0x000001fdd0fb3000 	C:\Users\CHRISCOM\.openjfx\cache\21.0.2+5\amd64\api-ms-win-crt-time-l1-1-0.dll
0x000001fdd0fc0000 - 0x000001fdd0fc3000 	C:\Users\CHRISCOM\.openjfx\cache\21.0.2+5\amd64\api-ms-win-crt-utility-l1-1-0.dll
0x00007ffc01310000 - 0x00007ffc0140c000 	C:\Users\CHRISCOM\.openjfx\cache\21.0.2+5\amd64\ucrtbase.dll
0x00007ffc012f0000 - 0x00007ffc0130b000 	C:\Users\CHRISCOM\.openjfx\cache\21.0.2+5\amd64\vcruntime140.dll
0x00007ffc012e0000 - 0x00007ffc012ec000 	C:\Users\CHRISCOM\.openjfx\cache\21.0.2+5\amd64\vcruntime140_1.dll
0x00007ffc01250000 - 0x00007ffc012de000 	C:\Users\CHRISCOM\.openjfx\cache\21.0.2+5\amd64\msvcp140.dll
0x00007ffc01240000 - 0x00007ffc01249000 	C:\Users\CHRISCOM\.openjfx\cache\21.0.2+5\amd64\msvcp140_1.dll
0x00007ffbff2f0000 - 0x00007ffbff331000 	C:\Users\CHRISCOM\.openjfx\cache\21.0.2+5\amd64\msvcp140_2.dll
0x00007ffbff2c0000 - 0x00007ffbff2f0000 	C:\Users\CHRISCOM\.openjfx\cache\21.0.2+5\amd64\prism_d3d.dll
0x00007ffc08320000 - 0x00007ffc084c6000 	C:\Windows\system32\d3d9.dll
0x00007ffc0c1c0000 - 0x00007ffc0c1f0000 	C:\Windows\SYSTEM32\dwmapi.dll
0x00007ffc0c130000 - 0x00007ffc0c168000 	C:\Windows\SYSTEM32\dxcore.dll
0x00007ffc0bf30000 - 0x00007ffc0bfdc000 	C:\Windows\system32\uxtheme.dll
0x00007ffba4da0000 - 0x00007ffba4f4d000 	C:\Windows\System32\DriverStore\FileRepository\iigd_dch.inf_amd64_afeefaa9bb66431a\igdumdim64.dll
0x00007ffc10720000 - 0x00007ffc108ba000 	C:\Windows\System32\ole32.dll
0x00007ffba1cf0000 - 0x00007ffba4d94000 	C:\Windows\System32\DriverStore\FileRepository\iigd_dch.inf_amd64_afeefaa9bb66431a\igd9dxva64.dll
0x00007ffc0f9b0000 - 0x00007ffc0fa86000 	C:\Windows\System32\OLEAUT32.dll
0x00007ffc0f190000 - 0x00007ffc0f5fb000 	C:\Windows\System32\SETUPAPI.dll
0x00007ffc0e460000 - 0x00007ffc0e4ac000 	C:\Windows\SYSTEM32\cfgmgr32.dll
0x00007ffc059a0000 - 0x00007ffc05da9000 	C:\Windows\System32\DriverStore\FileRepository\iigd_dch.inf_amd64_afeefaa9bb66431a\igdgmm64.dll
0x00007ffc09d80000 - 0x00007ffc09dc4000 	C:\Windows\SYSTEM32\directxdatabasehelper.dll
0x00007ffc0c1f0000 - 0x00007ffc0c224000 	C:\Windows\SYSTEM32\ntmarta.dll
0x00007ffbebaa0000 - 0x00007ffbebae2000 	C:\Users\CHRISCOM\.openjfx\cache\21.0.2+5\amd64\glass.dll
0x00007ffc0fcb0000 - 0x00007ffc0fd99000 	C:\Windows\System32\COMDLG32.dll
0x00007ffc0f660000 - 0x00007ffc0f77e000 	C:\Windows\System32\MSCTF.dll
0x00007ffbff450000 - 0x00007ffbff477000 	C:\Windows\System32\DriverStore\FileRepository\iigd_dch.inf_amd64_afeefaa9bb66431a\igdinfo64.dll
0x00007ffc020c0000 - 0x00007ffc05856000 	C:\Windows\System32\DriverStore\FileRepository\iigd_dch.inf_amd64_afeefaa9bb66431a\igc64.dll
0x00007ffc011d0000 - 0x00007ffc011e4000 	C:\Users\CHRISCOM\.openjfx\cache\21.0.2+5\amd64\javafx_font.dll
0x00007ffbe6140000 - 0x00007ffbe639f000 	C:\Windows\SYSTEM32\dwrite.dll
0x00007ffc10e50000 - 0x00007ffc10eff000 	C:\Windows\System32\clbcatq.dll
0x00007ffc08150000 - 0x00007ffc082fe000 	C:\Windows\SYSTEM32\WindowsCodecs.dll
0x00007ffbe3e60000 - 0x00007ffbe3ebd000 	C:\Windows\system32\dataexchange.dll
0x00007ffc07120000 - 0x00007ffc0737e000 	C:\Windows\system32\twinapi.appcore.dll
0x00007ffbeba60000 - 0x00007ffbeba92000 	C:\Program Files\Common Files\Microsoft Shared\Ink\rtscom.dll
0x00007ffbe3d20000 - 0x00007ffbe3e4c000 	C:\Windows\SYSTEM32\textinputframework.dll
0x00007ffc0baf0000 - 0x00007ffc0bc1c000 	C:\Windows\SYSTEM32\CoreMessaging.dll
0x00007ffc09520000 - 0x00007ffc0988d000 	C:\Windows\SYSTEM32\CoreUIComponents.dll
0x00007ffc0dff0000 - 0x00007ffc0dffc000 	C:\Windows\SYSTEM32\CRYPTBASE.DLL
0x00007ffbe3f40000 - 0x00007ffbe3fa9000 	C:\Windows\system32\Oleacc.dll

JVMTI agents: none

dbghelp: loaded successfully - version: 4.0.5 - missing functions: none
symbol engine: initialized successfully - sym options: 0x614 - pdb path: .;C:\Program Files\Microsoft\jdk-21.0.11.10-hotspot\bin;C:\Windows\SYSTEM32;C:\Windows\WinSxS\amd64_microsoft.windows.common-controls_6595b64144ccf1df_6.0.21996.1_none_7d6b053978bcd706;C:\Program Files\Microsoft\jdk-21.0.11.10-hotspot\bin\server;C:\Users\CHRISCOM\.openjfx\cache\21.0.2+5\amd64;C:\Windows\System32\DriverStore\FileRepository\iigd_dch.inf_amd64_afeefaa9bb66431a;C:\Program Files\Common Files\Microsoft Shared\Ink

VM Arguments:
jvm_args: --module-path=C:\Users\CHRISCOM\.m2\repository\org\openjfx\javafx-base\21.0.2\javafx-base-21.0.2-win.jar;C:\Users\CHRISCOM\.m2\repository\org\openjfx\javafx-base\21.0.2\javafx-base-21.0.2.jar;C:\Users\CHRISCOM\.m2\repository\org\openjfx\javafx-controls\21.0.2\javafx-controls-21.0.2-win.jar;C:\Users\CHRISCOM\.m2\repository\org\openjfx\javafx-controls\21.0.2\javafx-controls-21.0.2.jar;C:\Users\CHRISCOM\.m2\repository\org\openjfx\javafx-graphics\21.0.2\javafx-graphics-21.0.2-win.jar;C:\Users\CHRISCOM\.m2\repository\org\openjfx\javafx-graphics\21.0.2\javafx-graphics-21.0.2.jar --add-modules=javafx.base,javafx.controls,javafx.graphics 
java_command: com.exam.ui.MainApp
java_class_path (initial): C:\Users\CHRISCOM\Documents\NetBeansProjects\examsystem\target\classes
Launcher Type: SUN_STANDARD

[Global flags]
     intx CICompilerCount                          = 4                                         {product} {ergonomic}
     uint ConcGCThreads                            = 2                                         {product} {ergonomic}
     uint G1ConcRefinementThreads                  = 8                                         {product} {ergonomic}
   size_t G1HeapRegionSize                         = 1048576                                   {product} {ergonomic}
    uintx GCDrainStackTargetSize                   = 64                                        {product} {ergonomic}
   size_t InitialHeapSize                          = 127926272                                 {product} {ergonomic}
   size_t MarkStackSize                            = 4194304                                   {product} {ergonomic}
   size_t MaxHeapSize                              = 2040528896                                {product} {ergonomic}
   size_t MaxNewSize                               = 1223688192                                {product} {ergonomic}
   size_t MinHeapDeltaBytes                        = 1048576                                   {product} {ergonomic}
   size_t MinHeapSize                              = 8388608                                   {product} {ergonomic}
    uintx NonNMethodCodeHeapSize                   = 5839372                                {pd product} {ergonomic}
    uintx NonProfiledCodeHeapSize                  = 122909434                              {pd product} {ergonomic}
    uintx ProfiledCodeHeapSize                     = 122909434                              {pd product} {ergonomic}
    uintx ReservedCodeCacheSize                    = 251658240                              {pd product} {ergonomic}
     bool SegmentedCodeCache                       = true                                      {product} {ergonomic}
   size_t SoftMaxHeapSize                          = 2040528896                             {manageable} {ergonomic}
     bool UseCompressedOops                        = true                           {product lp64_product} {ergonomic}
     bool UseG1GC                                  = true                                      {product} {ergonomic}
     bool UseLargePagesIndividualAllocation        = false                                  {pd product} {ergonomic}

Logging:
Log output configuration:
 #0: stdout all=warning uptime,level,tags foldmultilines=false
 #1: stderr all=off uptime,level,tags foldmultilines=false

Release file:
IMPLEMENTOR="Microsoft" 
IMPLEMENTOR_VERSION="Microsoft-13877171" 
JAVA_RUNTIME_VERSION="21.0.11+10-LTS" 
JAVA_VERSION="21.0.11" 
JAVA_VERSION_DATE="2026-04-21" 
LIBC="default" 
MODULES="java.base java.compiler java.datatransfer java.xml java.prefs java.desktop java.instrument java.logging java.management java.security.sasl java.naming java.rmi java.management.rmi java.net.http java.scripting java.security.jgss java.transaction.xa java.sql java.sql.rowset java.xml.crypto java.se java.smartcardio jdk.accessibility jdk.internal.jvmstat jdk.attach jdk.charsets jdk.internal.opt jdk.zipfs jdk.compiler jdk.crypto.ec jdk.crypto.cryptoki jdk.crypto.mscapi jdk.dynalink jdk.internal.ed jdk.editpad jdk.hotspot.agent jdk.httpserver jdk.incubator.vector jdk.internal.le jdk.internal.vm.ci jdk.internal.vm.compiler jdk.internal.vm.compiler.management jdk.jartool jdk.javadoc jdk.jcmd jdk.management jdk.management.agent jdk.jconsole jdk.jdeps jdk.jdwp.agent jdk.jdi jdk.jfr jdk.jlink jdk.jpackage jdk.jshell jdk.jsobject jdk.jstatd jdk.localedata jdk.management.jfr jdk.naming.dns jdk.naming.rmi jdk.net jdk.nio.mapmode jdk.random jdk.sctp jdk.security.auth jdk.security.jgss jdk.unsupported jdk.unsupported.desktop jdk.xml.dom" 
OS_ARCH="x86_64" 
OS_NAME="Windows" 
SOURCE=".:git:87e312d67249" 

Environment Variables:
JAVA_HOME=C:\Program Files\Microsoft\jdk-21.0.11.10-hotspot
PATH=C:\Program Files\Common Files\Oracle\Java\javapath;C:\Program Files\Microsoft\jdk-21.0.11.10-hotspot\bin;C:\Python314\Scripts\;C:\Python314\;C:\Program Files (x86)\VMware\VMware Workstation\bin\;C:\ProgramData\Oracle\Java\javapath;C:\Windows\system32;C:\Windows;C:\Windows\System32\Wbem;C:\Windows\System32\WindowsPowerShell\v1.0\;C:\Windows\System32\OpenSSH\;C:\Program Files (x86)\Microsoft SQL Server\160\Tools\Binn\;C:\Program Files\Microsoft SQL Server\160\Tools\Binn\;C:\Program Files\Microsoft SQL Server\Client SDK\ODBC\170\Tools\Binn\;C:\Program Files\Microsoft SQL Server\160\DTS\Binn\;C:\Program Files\Microsoft SQL Server\170\DTS\Binn\;C:\Program Files\dotnet\;C:\Program Files\nodejs\;C:\ProgramData\chocolatey\bin;C:\Users\CHRISCOM\AppData\Local\Microsoft\WindowsApps;C:\Users\CHRISCOM\.dotnet\tools;C:\Users\CHRISCOM\AppData\Local\Programs\Microsoft VS Code\bin;C:\Users\CHRISCOM\AppData\Roaming\npm;C:\Users\CHRISCOM\AppData\Local\GitHubDesktop\bin
USERNAME=CHRISCOM
OS=Windows_NT
PROCESSOR_IDENTIFIER=Intel64 Family 6 Model 126 Stepping 5, GenuineIntel
TMP=C:\Users\CHRISCOM\AppData\Local\Temp
TEMP=C:\Users\CHRISCOM\AppData\Local\Temp




Periodic native trim disabled

---------------  S Y S T E M  ---------------

OS:
 Windows 10 , 64 bit Build 21996 (10.0.21996.1)
OS uptime: 3 days 3:51 hours

CPU: total 8 (initial active 8) (4 cores per cpu, 2 threads per core) family 6 model 126 stepping 5 microcode 0xc6, cx8, cmov, fxsr, ht, mmx, 3dnowpref, sse, sse2, sse3, ssse3, sse4.1, sse4.2, popcnt, lzcnt, tsc, tscinvbit, avx, avx2, aes, erms, clmul, bmi1, bmi2, adx, avx512f, avx512dq, avx512cd, avx512bw, avx512vl, sha, fma, vzeroupper, avx512_vpopcntdq, avx512_vpclmulqdq, avx512_vaes, avx512_vnni, clflush, clflushopt, avx512_vbmi2, avx512_vbmi, rdtscp, rdpid, fsrm, gfni, avx512_bitalg, f16c, pku, avx512_ifma
Processor Information for the first 8 processors :
  Max Mhz: 1498, Current Mhz: 1098, Mhz Limit: 1093

Memory: 4k page, system-wide physical 7777M (354M free)
TotalPageFile size 22963M (AvailPageFile size 3M)
current process WorkingSet (physical memory assigned to process): 253M, peak: 253M
current process commit charge ("private bytes"): 362M, peak: 362M

vm_info: OpenJDK 64-Bit Server VM (21.0.11+10-LTS) for windows-amd64 JRE (21.0.11+10-LTS), built on 2026-04-18T18:13:49Z by "MicrosoftCorporation" with MS VC++ 17.14 (VS2022)

END.
